{"E:\\Dev-LNT-BE\\namastey-node\\src\\database.js": {"path":"E:\\Dev-LNT-BE\\namastey-node\\src\\database.js","statementMap":{"0":{"start":{"line":2,"column":17},"end":{"line":2,"column":36}},"1":{"start":{"line":4,"column":18},"end":{"line":4,"column":23}},"2":{"start":{"line":7,"column":2},"end":{"line":7,"column":46}},"3":{"start":{"line":7,"column":19},"end":{"line":7,"column":46}},"4":{"start":{"line":11,"column":18},"end":{"line":11,"column":37}},"5":{"start":{"line":14,"column":4},"end":{"line":14,"column":25}},"6":{"start":{"line":18,"column":2},"end":{"line":18,"column":36}},"7":{"start":{"line":22,"column":2},"end":{"line":25,"column":5}},"8":{"start":{"line":27,"column":2},"end":{"line":27,"column":21}},"9":{"start":{"line":28,"column":2},"end":{"line":28,"column":65}},"10":{"start":{"line":29,"column":2},"end":{"line":29,"column":29}},"11":{"start":{"line":32,"column":0},"end":{"line":32,"column":34}}},"fnMap":{"0":{"name":"connectMongo","decl":{"start":{"line":6,"column":15},"end":{"line":6,"column":27}},"loc":{"start":{"line":6,"column":30},"end":{"line":30,"column":1}},"line":6}},"branchMap":{"0":{"loc":{"start":{"line":7,"column":2},"end":{"line":7,"column":46}},"type":"if","locations":[{"start":{"line":7,"column":2},"end":{"line":7,"column":46}},{"start":{},"end":{}}],"line":7}},"s":{"0":0,"1":0,"2":0,"3":0,"4":0,"5":0,"6":0,"7":0,"8":0,"9":0,"10":0,"11":0},"f":{"0":0},"b":{"0":[0,0]}}
,"E:\\Dev-LNT-BE\\namastey-node\\src\\api\\controllers\\AuthController.js": {"path":"E:\\Dev-LNT-BE\\namastey-node\\src\\api\\controllers\\AuthController.js","statementMap":{"0":{"start":{"line":6,"column":4},"end":{"line":6,"column":35}},"1":{"start":{"line":9,"column":10},"end":{"line":31,"column":3}},"2":{"start":{"line":10,"column":4},"end":{"line":30,"column":5}},"3":{"start":{"line":11,"column":34},"end":{"line":11,"column":42}},"4":{"start":{"line":13,"column":19},"end":{"line":13,"column":64}},"5":{"start":{"line":16,"column":6},"end":{"line":20,"column":9}},"6":{"start":{"line":21,"column":6},"end":{"line":25,"column":9}},"7":{"start":{"line":28,"column":6},"end":{"line":28,"column":18}},"8":{"start":{"line":32,"column":11},"end":{"line":41,"column":3}},"9":{"start":{"line":33,"column":4},"end":{"line":40,"column":5}},"10":{"start":{"line":34,"column":8},"end":{"line":36,"column":10}},"11":{"start":{"line":37,"column":6},"end":{"line":37,"column":65}},"12":{"start":{"line":39,"column":6},"end":{"line":39,"column":18}},"13":{"start":{"line":43,"column":11},"end":{"line":63,"column":3}},"14":{"start":{"line":44,"column":4},"end":{"line":62,"column":5}},"15":{"start":{"line":45,"column":68},"end":{"line":45,"column":76}},"16":{"start":{"line":47,"column":22},"end":{"line":54,"column":7}},"17":{"start":{"line":55,"column":6},"end":{"line":59,"column":9}},"18":{"start":{"line":61,"column":6},"end":{"line":61,"column":18}},"19":{"start":{"line":66,"column":0},"end":{"line":66,"column":32}}},"fnMap":{"0":{"name":"(anonymous_0)","decl":{"start":{"line":5,"column":2},"end":{"line":5,"column":3}},"loc":{"start":{"line":5,"column":27},"end":{"line":7,"column":3}},"line":5},"1":{"name":"(anonymous_1)","decl":{"start":{"line":9,"column":10},"end":{"line":9,"column":11}},"loc":{"start":{"line":9,"column":36},"end":{"line":31,"column":3}},"line":9},"2":{"name":"(anonymous_2)","decl":{"start":{"line":32,"column":11},"end":{"line":32,"column":12}},"loc":{"start":{"line":32,"column":37},"end":{"line":41,"column":3}},"line":32},"3":{"name":"(anonymous_3)","decl":{"start":{"line":43,"column":11},"end":{"line":43,"column":12}},"loc":{"start":{"line":43,"column":37},"end":{"line":63,"column":3}},"line":43}},"branchMap":{},"s":{"0":1,"1":1,"2":0,"3":0,"4":0,"5":0,"6":0,"7":0,"8":1,"9":0,"10":0,"11":0,"12":0,"13":1,"14":0,"15":0,"16":0,"17":0,"18":0,"19":1},"f":{"0":1,"1":0,"2":0,"3":0},"b":{},"_coverageSchema":"1a1c01bbd47fc00a2c39e90264f33305004495a9","hash":"5068aa74ec1a133a7cc7782554914e097ecbbc12"}
,"E:\\Dev-LNT-BE\\namastey-node\\src\\api\\controllers\\ChatController.js": {"path":"E:\\Dev-LNT-BE\\namastey-node\\src\\api\\controllers\\ChatController.js","statementMap":{"0":{"start":{"line":3,"column":8},"end":{"line":3,"column":39}},"1":{"start":{"line":8,"column":19},"end":{"line":21,"column":5}},"2":{"start":{"line":9,"column":8},"end":{"line":20,"column":9}},"3":{"start":{"line":10,"column":27},"end":{"line":10,"column":39}},"4":{"start":{"line":11,"column":33},"end":{"line":11,"column":56}},"5":{"start":{"line":12,"column":26},"end":{"line":12,"column":83}},"6":{"start":{"line":13,"column":12},"end":{"line":17,"column":15}},"7":{"start":{"line":19,"column":12},"end":{"line":19,"column":24}},"8":{"start":{"line":24,"column":0},"end":{"line":24,"column":32}}},"fnMap":{"0":{"name":"(anonymous_0)","decl":{"start":{"line":2,"column":4},"end":{"line":2,"column":5}},"loc":{"start":{"line":2,"column":29},"end":{"line":5,"column":5}},"line":2},"1":{"name":"(anonymous_1)","decl":{"start":{"line":8,"column":19},"end":{"line":8,"column":20}},"loc":{"start":{"line":8,"column":45},"end":{"line":21,"column":5}},"line":8}},"branchMap":{},"s":{"0":1,"1":1,"2":0,"3":0,"4":0,"5":0,"6":0,"7":0,"8":1},"f":{"0":1,"1":0},"b":{},"_coverageSchema":"1a1c01bbd47fc00a2c39e90264f33305004495a9","hash":"3f1c7be986dd4d54cb3eb382ff6e316d338615cd"}
,"E:\\Dev-LNT-BE\\namastey-node\\src\\api\\controllers\\ConnectionController.js": {"path":"E:\\Dev-LNT-BE\\namastey-node\\src\\api\\controllers\\ConnectionController.js","statementMap":{"0":{"start":{"line":3,"column":4},"end":{"line":3,"column":47}},"1":{"start":{"line":10,"column":16},"end":{"line":31,"column":3}},"2":{"start":{"line":11,"column":4},"end":{"line":30,"column":5}},"3":{"start":{"line":13,"column":6},"end":{"line":13,"column":49}},"4":{"start":{"line":14,"column":35},"end":{"line":14,"column":45}},"5":{"start":{"line":15,"column":25},"end":{"line":15,"column":37}},"6":{"start":{"line":17,"column":25},"end":{"line":21,"column":7}},"7":{"start":{"line":23,"column":6},"end":{"line":27,"column":9}},"8":{"start":{"line":29,"column":6},"end":{"line":29,"column":18}},"9":{"start":{"line":37,"column":18},"end":{"line":56,"column":3}},"10":{"start":{"line":38,"column":4},"end":{"line":55,"column":5}},"11":{"start":{"line":39,"column":36},"end":{"line":39,"column":46}},"12":{"start":{"line":40,"column":25},"end":{"line":40,"column":48}},"13":{"start":{"line":42,"column":29},"end":{"line":46,"column":7}},"14":{"start":{"line":48,"column":6},"end":{"line":52,"column":9}},"15":{"start":{"line":54,"column":6},"end":{"line":54,"column":18}},"16":{"start":{"line":62,"column":23},"end":{"line":76,"column":3}},"17":{"start":{"line":63,"column":4},"end":{"line":75,"column":5}},"18":{"start":{"line":64,"column":21},"end":{"line":64,"column":33}},"19":{"start":{"line":66,"column":23},"end":{"line":66,"column":83}},"20":{"start":{"line":68,"column":6},"end":{"line":72,"column":9}},"21":{"start":{"line":74,"column":6},"end":{"line":74,"column":18}},"22":{"start":{"line":82,"column":19},"end":{"line":96,"column":3}},"23":{"start":{"line":83,"column":4},"end":{"line":95,"column":5}},"24":{"start":{"line":84,"column":21},"end":{"line":84,"column":44}},"25":{"start":{"line":86,"column":26},"end":{"line":86,"column":85}},"26":{"start":{"line":88,"column":6},"end":{"line":92,"column":9}},"27":{"start":{"line":94,"column":6},"end":{"line":94,"column":18}},"28":{"start":{"line":99,"column":0},"end":{"line":99,"column":38}}},"fnMap":{"0":{"name":"(anonymous_0)","decl":{"start":{"line":2,"column":2},"end":{"line":2,"column":3}},"loc":{"start":{"line":2,"column":33},"end":{"line":4,"column":3}},"line":2},"1":{"name":"(anonymous_1)","decl":{"start":{"line":10,"column":16},"end":{"line":10,"column":17}},"loc":{"start":{"line":10,"column":42},"end":{"line":31,"column":3}},"line":10},"2":{"name":"(anonymous_2)","decl":{"start":{"line":37,"column":18},"end":{"line":37,"column":19}},"loc":{"start":{"line":37,"column":44},"end":{"line":56,"column":3}},"line":37},"3":{"name":"(anonymous_3)","decl":{"start":{"line":62,"column":23},"end":{"line":62,"column":24}},"loc":{"start":{"line":62,"column":49},"end":{"line":76,"column":3}},"line":62},"4":{"name":"(anonymous_4)","decl":{"start":{"line":82,"column":19},"end":{"line":82,"column":20}},"loc":{"start":{"line":82,"column":45},"end":{"line":96,"column":3}},"line":82}},"branchMap":{},"s":{"0":1,"1":1,"2":0,"3":0,"4":0,"5":0,"6":0,"7":0,"8":0,"9":1,"10":0,"11":0,"12":0,"13":0,"14":0,"15":0,"16":1,"17":0,"18":0,"19":0,"20":0,"21":0,"22":1,"23":0,"24":0,"25":0,"26":0,"27":0,"28":1},"f":{"0":1,"1":0,"2":0,"3":0,"4":0},"b":{},"_coverageSchema":"1a1c01bbd47fc00a2c39e90264f33305004495a9","hash":"b39f18eb6a08894109403c09d15740b841c87b76"}
,"E:\\Dev-LNT-BE\\namastey-node\\src\\api\\controllers\\FeedController.js": {"path":"E:\\Dev-LNT-BE\\namastey-node\\src\\api\\controllers\\FeedController.js","statementMap":{"0":{"start":{"line":2,"column":23},"end":{"line":2,"column":56}},"1":{"start":{"line":6,"column":4},"end":{"line":6,"column":35}},"2":{"start":{"line":9,"column":12},"end":{"line":26,"column":3}},"3":{"start":{"line":10,"column":4},"end":{"line":25,"column":5}},"4":{"start":{"line":11,"column":21},"end":{"line":11,"column":33}},"5":{"start":{"line":12,"column":19},"end":{"line":12,"column":70}},"6":{"start":{"line":13,"column":20},"end":{"line":13,"column":105}},"7":{"start":{"line":14,"column":23},"end":{"line":14,"column":80}},"8":{"start":{"line":16,"column":6},"end":{"line":22,"column":9}},"9":{"start":{"line":19,"column":38},"end":{"line":19,"column":76}},"10":{"start":{"line":24,"column":6},"end":{"line":24,"column":18}},"11":{"start":{"line":28,"column":20},"end":{"line":39,"column":3}},"12":{"start":{"line":29,"column":4},"end":{"line":38,"column":5}},"13":{"start":{"line":30,"column":23},"end":{"line":30,"column":69}},"14":{"start":{"line":31,"column":6},"end":{"line":35,"column":9}},"15":{"start":{"line":37,"column":6},"end":{"line":37,"column":18}},"16":{"start":{"line":41,"column":24},"end":{"line":55,"column":3}},"17":{"start":{"line":42,"column":4},"end":{"line":54,"column":5}},"18":{"start":{"line":43,"column":23},"end":{"line":43,"column":70}},"19":{"start":{"line":45,"column":6},"end":{"line":51,"column":9}},"20":{"start":{"line":53,"column":6},"end":{"line":53,"column":18}},"21":{"start":{"line":58,"column":0},"end":{"line":58,"column":32}}},"fnMap":{"0":{"name":"(anonymous_0)","decl":{"start":{"line":5,"column":2},"end":{"line":5,"column":3}},"loc":{"start":{"line":5,"column":27},"end":{"line":7,"column":3}},"line":5},"1":{"name":"(anonymous_1)","decl":{"start":{"line":9,"column":12},"end":{"line":9,"column":13}},"loc":{"start":{"line":9,"column":38},"end":{"line":26,"column":3}},"line":9},"2":{"name":"(anonymous_2)","decl":{"start":{"line":19,"column":28},"end":{"line":19,"column":29}},"loc":{"start":{"line":19,"column":38},"end":{"line":19,"column":76}},"line":19},"3":{"name":"(anonymous_3)","decl":{"start":{"line":28,"column":20},"end":{"line":28,"column":21}},"loc":{"start":{"line":28,"column":46},"end":{"line":39,"column":3}},"line":28},"4":{"name":"(anonymous_4)","decl":{"start":{"line":41,"column":24},"end":{"line":41,"column":25}},"loc":{"start":{"line":41,"column":50},"end":{"line":55,"column":3}},"line":41}},"branchMap":{"0":{"loc":{"start":{"line":12,"column":19},"end":{"line":12,"column":70}},"type":"binary-expr","locations":[{"start":{"line":12,"column":19},"end":{"line":12,"column":43}},{"start":{"line":12,"column":47},"end":{"line":12,"column":70}}],"line":12},"1":{"loc":{"start":{"line":13,"column":29},"end":{"line":13,"column":82}},"type":"binary-expr","locations":[{"start":{"line":13,"column":29},"end":{"line":13,"column":54}},{"start":{"line":13,"column":58},"end":{"line":13,"column":82}}],"line":13}},"s":{"0":1,"1":1,"2":1,"3":0,"4":0,"5":0,"6":0,"7":0,"8":0,"9":0,"10":0,"11":1,"12":0,"13":0,"14":0,"15":0,"16":1,"17":0,"18":0,"19":0,"20":0,"21":1},"f":{"0":1,"1":0,"2":0,"3":0,"4":0},"b":{"0":[0,0],"1":[0,0]},"_coverageSchema":"1a1c01bbd47fc00a2c39e90264f33305004495a9","hash":"e7b5f19604ea7c251f3bd4204528de827c873777"}
,"E:\\Dev-LNT-BE\\namastey-node\\src\\api\\controllers\\OrderController.js": {"path":"E:\\Dev-LNT-BE\\namastey-node\\src\\api\\controllers\\OrderController.js","statementMap":{"0":{"start":{"line":1,"column":19},"end":{"line":1,"column":58}},"1":{"start":{"line":2,"column":18},"end":{"line":2,"column":56}},"2":{"start":{"line":3,"column":29},"end":{"line":3,"column":60}},"3":{"start":{"line":6,"column":8},"end":{"line":6,"column":41}},"4":{"start":{"line":8,"column":18},"end":{"line":49,"column":5}},"5":{"start":{"line":9,"column":8},"end":{"line":48,"column":9}},"6":{"start":{"line":11,"column":30},"end":{"line":11,"column":38}},"7":{"start":{"line":12,"column":30},"end":{"line":12,"column":45}},"8":{"start":{"line":13,"column":33},"end":{"line":13,"column":49}},"9":{"start":{"line":15,"column":12},"end":{"line":17,"column":13}},"10":{"start":{"line":16,"column":16},"end":{"line":16,"column":56}},"11":{"start":{"line":18,"column":25},"end":{"line":18,"column":33}},"12":{"start":{"line":19,"column":26},"end":{"line":27,"column":13}},"13":{"start":{"line":30,"column":29},"end":{"line":30,"column":76}},"14":{"start":{"line":32,"column":30},"end":{"line":39,"column":13}},"15":{"start":{"line":40,"column":12},"end":{"line":40,"column":59}},"16":{"start":{"line":41,"column":12},"end":{"line":45,"column":15}},"17":{"start":{"line":47,"column":12},"end":{"line":47,"column":24}},"18":{"start":{"line":51,"column":20},"end":{"line":65,"column":5}},"19":{"start":{"line":52,"column":8},"end":{"line":64,"column":9}},"20":{"start":{"line":53,"column":83},"end":{"line":53,"column":91}},"21":{"start":{"line":55,"column":40},"end":{"line":55,"column":157}},"22":{"start":{"line":57,"column":12},"end":{"line":61,"column":15}},"23":{"start":{"line":63,"column":12},"end":{"line":63,"column":24}},"24":{"start":{"line":68,"column":0},"end":{"line":68,"column":33}}},"fnMap":{"0":{"name":"(anonymous_0)","decl":{"start":{"line":5,"column":4},"end":{"line":5,"column":5}},"loc":{"start":{"line":5,"column":30},"end":{"line":7,"column":5}},"line":5},"1":{"name":"(anonymous_1)","decl":{"start":{"line":8,"column":18},"end":{"line":8,"column":19}},"loc":{"start":{"line":8,"column":44},"end":{"line":49,"column":5}},"line":8},"2":{"name":"(anonymous_2)","decl":{"start":{"line":51,"column":20},"end":{"line":51,"column":21}},"loc":{"start":{"line":51,"column":46},"end":{"line":65,"column":5}},"line":51}},"branchMap":{"0":{"loc":{"start":{"line":15,"column":12},"end":{"line":17,"column":13}},"type":"if","locations":[{"start":{"line":15,"column":12},"end":{"line":17,"column":13}},{"start":{},"end":{}}],"line":15}},"s":{"0":1,"1":1,"2":1,"3":1,"4":1,"5":0,"6":0,"7":0,"8":0,"9":0,"10":0,"11":0,"12":0,"13":0,"14":0,"15":0,"16":0,"17":0,"18":1,"19":0,"20":0,"21":0,"22":0,"23":0,"24":1},"f":{"0":1,"1":0,"2":0},"b":{"0":[0,0]},"_coverageSchema":"1a1c01bbd47fc00a2c39e90264f33305004495a9","hash":"1351f7c82bc5db318e27196841545f0e47719247"}
,"E:\\Dev-LNT-BE\\namastey-node\\src\\api\\controllers\\UploadController.js": {"path":"E:\\Dev-LNT-BE\\namastey-node\\src\\api\\controllers\\UploadController.js","statementMap":{"0":{"start":{"line":2,"column":21},"end":{"line":2,"column":64}},"1":{"start":{"line":3,"column":18},"end":{"line":3,"column":66}},"2":{"start":{"line":8,"column":8},"end":{"line":8,"column":39}},"3":{"start":{"line":11,"column":25},"end":{"line":120,"column":5}},"4":{"start":{"line":12,"column":8},"end":{"line":119,"column":9}},"5":{"start":{"line":16,"column":12},"end":{"line":16,"column":54}},"6":{"start":{"line":17,"column":12},"end":{"line":17,"column":47}},"7":{"start":{"line":18,"column":12},"end":{"line":18,"column":49}},"8":{"start":{"line":19,"column":12},"end":{"line":19,"column":47}},"9":{"start":{"line":22,"column":12},"end":{"line":28,"column":13}},"10":{"start":{"line":23,"column":16},"end":{"line":23,"column":53}},"11":{"start":{"line":24,"column":16},"end":{"line":27,"column":19}},"12":{"start":{"line":30,"column":27},"end":{"line":30,"column":39}},"13":{"start":{"line":31,"column":31},"end":{"line":31,"column":46}},"14":{"start":{"line":36,"column":12},"end":{"line":44,"column":15}},"15":{"start":{"line":47,"column":12},"end":{"line":53,"column":13}},"16":{"start":{"line":48,"column":16},"end":{"line":48,"column":57}},"17":{"start":{"line":49,"column":16},"end":{"line":52,"column":19}},"18":{"start":{"line":58,"column":12},"end":{"line":58,"column":49}},"19":{"start":{"line":59,"column":12},"end":{"line":59,"column":57}},"20":{"start":{"line":60,"column":12},"end":{"line":60,"column":45}},"21":{"start":{"line":63,"column":12},"end":{"line":63,"column":49}},"22":{"start":{"line":64,"column":35},"end":{"line":64,"column":85}},"23":{"start":{"line":65,"column":12},"end":{"line":65,"column":45}},"24":{"start":{"line":68,"column":12},"end":{"line":68,"column":51}},"25":{"start":{"line":69,"column":30},"end":{"line":69,"column":76}},"26":{"start":{"line":70,"column":12},"end":{"line":70,"column":47}},"27":{"start":{"line":73,"column":12},"end":{"line":77,"column":13}},"28":{"start":{"line":74,"column":16},"end":{"line":74,"column":58}},"29":{"start":{"line":75,"column":16},"end":{"line":75,"column":70}},"30":{"start":{"line":76,"column":16},"end":{"line":76,"column":51}},"31":{"start":{"line":80,"column":12},"end":{"line":80,"column":50}},"32":{"start":{"line":81,"column":35},"end":{"line":87,"column":13}},"33":{"start":{"line":88,"column":12},"end":{"line":88,"column":61}},"34":{"start":{"line":91,"column":12},"end":{"line":91,"column":51}},"35":{"start":{"line":93,"column":12},"end":{"line":96,"column":14}},"36":{"start":{"line":97,"column":12},"end":{"line":97,"column":54}},"37":{"start":{"line":98,"column":12},"end":{"line":98,"column":46}},"38":{"start":{"line":102,"column":12},"end":{"line":109,"column":15}},"39":{"start":{"line":112,"column":12},"end":{"line":112,"column":52}},"40":{"start":{"line":115,"column":12},"end":{"line":118,"column":15}},"41":{"start":{"line":122,"column":25},"end":{"line":148,"column":5}},"42":{"start":{"line":123,"column":8},"end":{"line":147,"column":9}},"43":{"start":{"line":124,"column":27},"end":{"line":124,"column":39}},"44":{"start":{"line":127,"column":12},"end":{"line":129,"column":13}},"45":{"start":{"line":128,"column":16},"end":{"line":128,"column":70}},"46":{"start":{"line":132,"column":12},"end":{"line":135,"column":15}},"47":{"start":{"line":139,"column":12},"end":{"line":142,"column":15}},"48":{"start":{"line":146,"column":12},"end":{"line":146,"column":24}},"49":{"start":{"line":151,"column":0},"end":{"line":151,"column":34}}},"fnMap":{"0":{"name":"(anonymous_0)","decl":{"start":{"line":7,"column":4},"end":{"line":7,"column":5}},"loc":{"start":{"line":7,"column":29},"end":{"line":9,"column":5}},"line":7},"1":{"name":"(anonymous_1)","decl":{"start":{"line":11,"column":25},"end":{"line":11,"column":26}},"loc":{"start":{"line":11,"column":51},"end":{"line":120,"column":5}},"line":11},"2":{"name":"(anonymous_2)","decl":{"start":{"line":122,"column":25},"end":{"line":122,"column":26}},"loc":{"start":{"line":122,"column":51},"end":{"line":148,"column":5}},"line":122}},"branchMap":{"0":{"loc":{"start":{"line":22,"column":12},"end":{"line":28,"column":13}},"type":"if","locations":[{"start":{"line":22,"column":12},"end":{"line":28,"column":13}},{"start":{},"end":{}}],"line":22},"1":{"loc":{"start":{"line":41,"column":30},"end":{"line":41,"column":64}},"type":"cond-expr","locations":[{"start":{"line":41,"column":43},"end":{"line":41,"column":60}},{"start":{"line":41,"column":63},"end":{"line":41,"column":64}}],"line":41},"2":{"loc":{"start":{"line":47,"column":12},"end":{"line":53,"column":13}},"type":"if","locations":[{"start":{"line":47,"column":12},"end":{"line":53,"column":13}},{"start":{},"end":{}}],"line":47},"3":{"loc":{"start":{"line":47,"column":16},"end":{"line":47,"column":54}},"type":"binary-expr","locations":[{"start":{"line":47,"column":16},"end":{"line":47,"column":27}},{"start":{"line":47,"column":31},"end":{"line":47,"column":54}}],"line":47},"4":{"loc":{"start":{"line":73,"column":12},"end":{"line":77,"column":13}},"type":"if","locations":[{"start":{"line":73,"column":12},"end":{"line":77,"column":13}},{"start":{},"end":{}}],"line":73},"5":{"loc":{"start":{"line":73,"column":16},"end":{"line":73,"column":92}},"type":"binary-expr","locations":[{"start":{"line":73,"column":16},"end":{"line":73,"column":33}},{"start":{"line":73,"column":37},"end":{"line":73,"column":92}}],"line":73},"6":{"loc":{"start":{"line":117,"column":25},"end":{"line":117,"column":66}},"type":"binary-expr","locations":[{"start":{"line":117,"column":25},"end":{"line":117,"column":38}},{"start":{"line":117,"column":42},"end":{"line":117,"column":66}}],"line":117},"7":{"loc":{"start":{"line":127,"column":12},"end":{"line":129,"column":13}},"type":"if","locations":[{"start":{"line":127,"column":12},"end":{"line":129,"column":13}},{"start":{},"end":{}}],"line":127},"8":{"loc":{"start":{"line":127,"column":16},"end":{"line":127,"column":92}},"type":"binary-expr","locations":[{"start":{"line":127,"column":16},"end":{"line":127,"column":33}},{"start":{"line":127,"column":37},"end":{"line":127,"column":92}}],"line":127}},"s":{"0":1,"1":1,"2":1,"3":1,"4":0,"5":0,"6":0,"7":0,"8":0,"9":0,"10":0,"11":0,"12":0,"13":0,"14":0,"15":0,"16":0,"17":0,"18":0,"19":0,"20":0,"21":0,"22":0,"23":0,"24":0,"25":0,"26":0,"27":0,"28":0,"29":0,"30":0,"31":0,"32":0,"33":0,"34":0,"35":0,"36":0,"37":0,"38":0,"39":0,"40":0,"41":1,"42":0,"43":0,"44":0,"45":0,"46":0,"47":0,"48":0,"49":1},"f":{"0":1,"1":0,"2":0},"b":{"0":[0,0],"1":[0,0],"2":[0,0],"3":[0,0],"4":[0,0],"5":[0,0],"6":[0,0],"7":[0,0],"8":[0,0]},"_coverageSchema":"1a1c01bbd47fc00a2c39e90264f33305004495a9","hash":"c442117cc3a4d1012c7f76ded4c59f2668458893"}
,"E:\\Dev-LNT-BE\\namastey-node\\src\\api\\controllers\\UserController.js": {"path":"E:\\Dev-LNT-BE\\namastey-node\\src\\api\\controllers\\UserController.js","statementMap":{"0":{"start":{"line":3,"column":4},"end":{"line":3,"column":35}},"1":{"start":{"line":7,"column":12},"end":{"line":18,"column":3}},"2":{"start":{"line":8,"column":4},"end":{"line":17,"column":5}},"3":{"start":{"line":9,"column":19},"end":{"line":9,"column":54}},"4":{"start":{"line":10,"column":6},"end":{"line":14,"column":9}},"5":{"start":{"line":16,"column":6},"end":{"line":16,"column":18}},"6":{"start":{"line":20,"column":18},"end":{"line":31,"column":3}},"7":{"start":{"line":21,"column":4},"end":{"line":30,"column":5}},"8":{"start":{"line":22,"column":26},"end":{"line":22,"column":67}},"9":{"start":{"line":23,"column":6},"end":{"line":27,"column":9}},"10":{"start":{"line":29,"column":6},"end":{"line":29,"column":18}},"11":{"start":{"line":34,"column":12},"end":{"line":46,"column":3}},"12":{"start":{"line":35,"column":4},"end":{"line":45,"column":5}},"13":{"start":{"line":36,"column":21},"end":{"line":36,"column":33}},"14":{"start":{"line":37,"column":19},"end":{"line":37,"column":48}},"15":{"start":{"line":38,"column":20},"end":{"line":38,"column":65}},"16":{"start":{"line":40,"column":19},"end":{"line":40,"column":70}},"17":{"start":{"line":42,"column":6},"end":{"line":42,"column":46}},"18":{"start":{"line":44,"column":6},"end":{"line":44,"column":18}},"19":{"start":{"line":49,"column":0},"end":{"line":49,"column":32}}},"fnMap":{"0":{"name":"(anonymous_0)","decl":{"start":{"line":2,"column":2},"end":{"line":2,"column":3}},"loc":{"start":{"line":2,"column":27},"end":{"line":5,"column":3}},"line":2},"1":{"name":"(anonymous_1)","decl":{"start":{"line":7,"column":12},"end":{"line":7,"column":13}},"loc":{"start":{"line":7,"column":38},"end":{"line":18,"column":3}},"line":7},"2":{"name":"(anonymous_2)","decl":{"start":{"line":20,"column":18},"end":{"line":20,"column":19}},"loc":{"start":{"line":20,"column":44},"end":{"line":31,"column":3}},"line":20},"3":{"name":"(anonymous_3)","decl":{"start":{"line":34,"column":12},"end":{"line":34,"column":13}},"loc":{"start":{"line":34,"column":38},"end":{"line":46,"column":3}},"line":34}},"branchMap":{"0":{"loc":{"start":{"line":37,"column":19},"end":{"line":37,"column":48}},"type":"binary-expr","locations":[{"start":{"line":37,"column":19},"end":{"line":37,"column":43}},{"start":{"line":37,"column":47},"end":{"line":37,"column":48}}],"line":37},"1":{"loc":{"start":{"line":38,"column":29},"end":{"line":38,"column":60}},"type":"binary-expr","locations":[{"start":{"line":38,"column":29},"end":{"line":38,"column":54}},{"start":{"line":38,"column":58},"end":{"line":38,"column":60}}],"line":38}},"s":{"0":1,"1":1,"2":0,"3":0,"4":0,"5":0,"6":1,"7":0,"8":0,"9":0,"10":0,"11":1,"12":0,"13":0,"14":0,"15":0,"16":0,"17":0,"18":0,"19":1},"f":{"0":1,"1":0,"2":0,"3":0},"b":{"0":[0,0],"1":[0,0]},"_coverageSchema":"1a1c01bbd47fc00a2c39e90264f33305004495a9","hash":"8d41de4ce5af1fdbb3fad4aa2581337e1f2aaafe"}
,"E:\\Dev-LNT-BE\\namastey-node\\src\\api\\middlewares\\auth.js": {"path":"E:\\Dev-LNT-BE\\namastey-node\\src\\api\\middlewares\\auth.js","statementMap":{"0":{"start":{"line":2,"column":18},"end":{"line":2,"column":38}},"1":{"start":{"line":3,"column":12},"end":{"line":3,"column":35}},"2":{"start":{"line":4,"column":17},"end":{"line":4,"column":50}},"3":{"start":{"line":5,"column":23},"end":{"line":48,"column":1}},"4":{"start":{"line":6,"column":2},"end":{"line":47,"column":3}},"5":{"start":{"line":7,"column":58},"end":{"line":7,"column":66}},"6":{"start":{"line":10,"column":4},"end":{"line":15,"column":5}},"7":{"start":{"line":11,"column":6},"end":{"line":14,"column":9}},"8":{"start":{"line":18,"column":4},"end":{"line":23,"column":5}},"9":{"start":{"line":19,"column":6},"end":{"line":22,"column":9}},"10":{"start":{"line":26,"column":4},"end":{"line":31,"column":5}},"11":{"start":{"line":27,"column":6},"end":{"line":30,"column":9}},"12":{"start":{"line":34,"column":4},"end":{"line":39,"column":5}},"13":{"start":{"line":35,"column":6},"end":{"line":38,"column":9}},"14":{"start":{"line":41,"column":4},"end":{"line":41,"column":11}},"15":{"start":{"line":43,"column":4},"end":{"line":46,"column":7}},"16":{"start":{"line":50,"column":17},"end":{"line":74,"column":1}},"17":{"start":{"line":52,"column":2},"end":{"line":72,"column":3}},"18":{"start":{"line":54,"column":17},"end":{"line":54,"column":28}},"19":{"start":{"line":55,"column":19},"end":{"line":55,"column":26}},"20":{"start":{"line":56,"column":1},"end":{"line":58,"column":2}},"21":{"start":{"line":57,"column":2},"end":{"line":57,"column":39}},"22":{"start":{"line":60,"column":20},"end":{"line":60,"column":71}},"23":{"start":{"line":61,"column":17},"end":{"line":61,"column":27}},"24":{"start":{"line":64,"column":15},"end":{"line":64,"column":39}},"25":{"start":{"line":65,"column":1},"end":{"line":67,"column":2}},"26":{"start":{"line":66,"column":3},"end":{"line":66,"column":37}},"27":{"start":{"line":68,"column":1},"end":{"line":68,"column":14}},"28":{"start":{"line":69,"column":1},"end":{"line":69,"column":8}},"29":{"start":{"line":71,"column":5},"end":{"line":71,"column":66}},"30":{"start":{"line":76,"column":0},"end":{"line":76,"column":45}}},"fnMap":{"0":{"name":"(anonymous_0)","decl":{"start":{"line":5,"column":23},"end":{"line":5,"column":24}},"loc":{"start":{"line":5,"column":43},"end":{"line":48,"column":1}},"line":5},"1":{"name":"(anonymous_1)","decl":{"start":{"line":50,"column":17},"end":{"line":50,"column":18}},"loc":{"start":{"line":50,"column":43},"end":{"line":74,"column":1}},"line":50}},"branchMap":{"0":{"loc":{"start":{"line":10,"column":4},"end":{"line":15,"column":5}},"type":"if","locations":[{"start":{"line":10,"column":4},"end":{"line":15,"column":5}},{"start":{},"end":{}}],"line":10},"1":{"loc":{"start":{"line":10,"column":8},"end":{"line":10,"column":67}},"type":"binary-expr","locations":[{"start":{"line":10,"column":8},"end":{"line":10,"column":18}},{"start":{"line":10,"column":22},"end":{"line":10,"column":42}},{"start":{"line":10,"column":46},"end":{"line":10,"column":67}}],"line":10},"2":{"loc":{"start":{"line":18,"column":4},"end":{"line":23,"column":5}},"type":"if","locations":[{"start":{"line":18,"column":4},"end":{"line":23,"column":5}},{"start":{},"end":{}}],"line":18},"3":{"loc":{"start":{"line":26,"column":4},"end":{"line":31,"column":5}},"type":"if","locations":[{"start":{"line":26,"column":4},"end":{"line":31,"column":5}},{"start":{},"end":{}}],"line":26},"4":{"loc":{"start":{"line":34,"column":4},"end":{"line":39,"column":5}},"type":"if","locations":[{"start":{"line":34,"column":4},"end":{"line":39,"column":5}},{"start":{},"end":{}}],"line":34},"5":{"loc":{"start":{"line":34,"column":8},"end":{"line":34,"column":29}},"type":"binary-expr","locations":[{"start":{"line":34,"column":8},"end":{"line":34,"column":16}},{"start":{"line":34,"column":20},"end":{"line":34,"column":29}}],"line":34},"6":{"loc":{"start":{"line":56,"column":1},"end":{"line":58,"column":2}},"type":"if","locations":[{"start":{"line":56,"column":1},"end":{"line":58,"column":2}},{"start":{},"end":{}}],"line":56},"7":{"loc":{"start":{"line":65,"column":1},"end":{"line":67,"column":2}},"type":"if","locations":[{"start":{"line":65,"column":1},"end":{"line":67,"column":2}},{"start":{},"end":{}}],"line":65}},"s":{"0":1,"1":1,"2":1,"3":1,"4":0,"5":0,"6":0,"7":0,"8":0,"9":0,"10":0,"11":0,"12":0,"13":0,"14":0,"15":0,"16":1,"17":0,"18":0,"19":0,"20":0,"21":0,"22":0,"23":0,"24":0,"25":0,"26":0,"27":0,"28":0,"29":0,"30":1},"f":{"0":0,"1":0},"b":{"0":[0,0],"1":[0,0,0],"2":[0,0],"3":[0,0],"4":[0,0],"5":[0,0],"6":[0,0],"7":[0,0]},"_coverageSchema":"1a1c01bbd47fc00a2c39e90264f33305004495a9","hash":"cda4f6919e4fcacdc47047fc1035f38c526acda8"}
,"E:\\Dev-LNT-BE\\namastey-node\\src\\api\\middlewares\\errorHandler.js": {"path":"E:\\Dev-LNT-BE\\namastey-node\\src\\api\\middlewares\\errorHandler.js","statementMap":{"0":{"start":{"line":8,"column":2},"end":{"line":14,"column":5}},"1":{"start":{"line":17,"column":19},"end":{"line":17,"column":40}},"2":{"start":{"line":18,"column":16},"end":{"line":18,"column":54}},"3":{"start":{"line":19,"column":18},"end":{"line":19,"column":37}},"4":{"start":{"line":22,"column":2},"end":{"line":28,"column":3}},"5":{"start":{"line":23,"column":4},"end":{"line":23,"column":21}},"6":{"start":{"line":24,"column":4},"end":{"line":26,"column":18}},"7":{"start":{"line":25,"column":18},"end":{"line":25,"column":27}},"8":{"start":{"line":27,"column":4},"end":{"line":27,"column":34}},"9":{"start":{"line":30,"column":2},"end":{"line":34,"column":3}},"10":{"start":{"line":31,"column":4},"end":{"line":31,"column":21}},"11":{"start":{"line":32,"column":4},"end":{"line":32,"column":34}},"12":{"start":{"line":33,"column":4},"end":{"line":33,"column":28}},"13":{"start":{"line":36,"column":2},"end":{"line":45,"column":3}},"14":{"start":{"line":37,"column":4},"end":{"line":37,"column":21}},"15":{"start":{"line":38,"column":4},"end":{"line":38,"column":39}},"16":{"start":{"line":39,"column":4},"end":{"line":39,"column":33}},"17":{"start":{"line":41,"column":4},"end":{"line":44,"column":7}},"18":{"start":{"line":47,"column":2},"end":{"line":51,"column":3}},"19":{"start":{"line":48,"column":4},"end":{"line":48,"column":21}},"20":{"start":{"line":49,"column":4},"end":{"line":49,"column":30}},"21":{"start":{"line":50,"column":4},"end":{"line":50,"column":38}},"22":{"start":{"line":53,"column":2},"end":{"line":57,"column":3}},"23":{"start":{"line":54,"column":4},"end":{"line":54,"column":21}},"24":{"start":{"line":55,"column":4},"end":{"line":55,"column":30}},"25":{"start":{"line":56,"column":4},"end":{"line":56,"column":38}},"26":{"start":{"line":60,"column":2},"end":{"line":70,"column":5}},"27":{"start":{"line":73,"column":0},"end":{"line":73,"column":30}}},"fnMap":{"0":{"name":"errorHandler","decl":{"start":{"line":5,"column":9},"end":{"line":5,"column":21}},"loc":{"start":{"line":5,"column":43},"end":{"line":71,"column":1}},"line":5},"1":{"name":"(anonymous_1)","decl":{"start":{"line":25,"column":11},"end":{"line":25,"column":12}},"loc":{"start":{"line":25,"column":18},"end":{"line":25,"column":27}},"line":25}},"branchMap":{"0":{"loc":{"start":{"line":10,"column":11},"end":{"line":10,"column":73}},"type":"cond-expr","locations":[{"start":{"line":10,"column":52},"end":{"line":10,"column":61}},{"start":{"line":10,"column":64},"end":{"line":10,"column":73}}],"line":10},"1":{"loc":{"start":{"line":17,"column":19},"end":{"line":17,"column":40}},"type":"binary-expr","locations":[{"start":{"line":17,"column":19},"end":{"line":17,"column":33}},{"start":{"line":17,"column":37},"end":{"line":17,"column":40}}],"line":17},"2":{"loc":{"start":{"line":18,"column":16},"end":{"line":18,"column":54}},"type":"binary-expr","locations":[{"start":{"line":18,"column":16},"end":{"line":18,"column":27}},{"start":{"line":18,"column":31},"end":{"line":18,"column":54}}],"line":18},"3":{"loc":{"start":{"line":19,"column":18},"end":{"line":19,"column":37}},"type":"binary-expr","locations":[{"start":{"line":19,"column":18},"end":{"line":19,"column":26}},{"start":{"line":19,"column":30},"end":{"line":19,"column":37}}],"line":19},"4":{"loc":{"start":{"line":22,"column":2},"end":{"line":28,"column":3}},"type":"if","locations":[{"start":{"line":22,"column":2},"end":{"line":28,"column":3}},{"start":{},"end":{}}],"line":22},"5":{"loc":{"start":{"line":30,"column":2},"end":{"line":34,"column":3}},"type":"if","locations":[{"start":{"line":30,"column":2},"end":{"line":34,"column":3}},{"start":{},"end":{}}],"line":30},"6":{"loc":{"start":{"line":36,"column":2},"end":{"line":45,"column":3}},"type":"if","locations":[{"start":{"line":36,"column":2},"end":{"line":45,"column":3}},{"start":{},"end":{}}],"line":36},"7":{"loc":{"start":{"line":47,"column":2},"end":{"line":51,"column":3}},"type":"if","locations":[{"start":{"line":47,"column":2},"end":{"line":51,"column":3}},{"start":{},"end":{}}],"line":47},"8":{"loc":{"start":{"line":53,"column":2},"end":{"line":57,"column":3}},"type":"if","locations":[{"start":{"line":53,"column":2},"end":{"line":57,"column":3}},{"start":{},"end":{}}],"line":53},"9":{"loc":{"start":{"line":65,"column":10},"end":{"line":68,"column":7}},"type":"binary-expr","locations":[{"start":{"line":65,"column":10},"end":{"line":65,"column":48}},{"start":{"line":65,"column":52},"end":{"line":68,"column":7}}],"line":65}},"s":{"0":0,"1":0,"2":0,"3":0,"4":0,"5":0,"6":0,"7":0,"8":0,"9":0,"10":0,"11":0,"12":0,"13":0,"14":0,"15":0,"16":0,"17":0,"18":0,"19":0,"20":0,"21":0,"22":0,"23":0,"24":0,"25":0,"26":0,"27":1},"f":{"0":0,"1":0},"b":{"0":[0,0],"1":[0,0],"2":[0,0],"3":[0,0],"4":[0,0],"5":[0,0],"6":[0,0],"7":[0,0],"8":[0,0],"9":[0,0]},"_coverageSchema":"1a1c01bbd47fc00a2c39e90264f33305004495a9","hash":"eb619aabcd2d9799f7e4e93dcff7e067b5fae153"}
,"E:\\Dev-LNT-BE\\namastey-node\\src\\api\\middlewares\\metricsMiddleware.js": {"path":"E:\\Dev-LNT-BE\\namastey-node\\src\\api\\middlewares\\metricsMiddleware.js","statementMap":{"0":{"start":{"line":6,"column":26},"end":{"line":16,"column":1}},"1":{"start":{"line":7,"column":2},"end":{"line":13,"column":5}},"2":{"start":{"line":8,"column":21},"end":{"line":10,"column":35}},"3":{"start":{"line":15,"column":2},"end":{"line":15,"column":9}},"4":{"start":{"line":18,"column":0},"end":{"line":18,"column":35}}},"fnMap":{"0":{"name":"(anonymous_0)","decl":{"start":{"line":6,"column":26},"end":{"line":6,"column":27}},"loc":{"start":{"line":6,"column":46},"end":{"line":16,"column":1}},"line":6},"1":{"name":"(anonymous_1)","decl":{"start":{"line":7,"column":19},"end":{"line":7,"column":20}},"loc":{"start":{"line":7,"column":25},"end":{"line":13,"column":3}},"line":7}},"branchMap":{"0":{"loc":{"start":{"line":8,"column":21},"end":{"line":10,"column":35}},"type":"cond-expr","locations":[{"start":{"line":9,"column":8},"end":{"line":9,"column":41}},{"start":{"line":10,"column":8},"end":{"line":10,"column":35}}],"line":8}},"s":{"0":1,"1":0,"2":0,"3":0,"4":1},"f":{"0":0,"1":0},"b":{"0":[0,0]},"_coverageSchema":"1a1c01bbd47fc00a2c39e90264f33305004495a9","hash":"d4ffbc2cd6db7ec029e7d6d4bb9c5f4848f04a7d"}
,"E:\\Dev-LNT-BE\\namastey-node\\src\\api\\middlewares\\uploadMiddleware.js": {"path":"E:\\Dev-LNT-BE\\namastey-node\\src\\api\\middlewares\\uploadMiddleware.js","statementMap":{"0":{"start":{"line":1,"column":15},"end":{"line":1,"column":32}},"1":{"start":{"line":4,"column":16},"end":{"line":4,"column":38}},"2":{"start":{"line":7,"column":19},"end":{"line":20,"column":1}},"3":{"start":{"line":8,"column":25},"end":{"line":13,"column":5}},"4":{"start":{"line":15,"column":4},"end":{"line":19,"column":5}},"5":{"start":{"line":16,"column":8},"end":{"line":16,"column":23}},"6":{"start":{"line":18,"column":8},"end":{"line":18,"column":84}},"7":{"start":{"line":23,"column":15},"end":{"line":29,"column":2}},"8":{"start":{"line":31,"column":0},"end":{"line":31,"column":24}}},"fnMap":{"0":{"name":"(anonymous_0)","decl":{"start":{"line":7,"column":19},"end":{"line":7,"column":20}},"loc":{"start":{"line":7,"column":38},"end":{"line":20,"column":1}},"line":7}},"branchMap":{"0":{"loc":{"start":{"line":15,"column":4},"end":{"line":19,"column":5}},"type":"if","locations":[{"start":{"line":15,"column":4},"end":{"line":19,"column":5}},{"start":{"line":17,"column":11},"end":{"line":19,"column":5}}],"line":15}},"s":{"0":1,"1":1,"2":1,"3":0,"4":0,"5":0,"6":0,"7":1,"8":1},"f":{"0":0},"b":{"0":[0,0]},"_coverageSchema":"1a1c01bbd47fc00a2c39e90264f33305004495a9","hash":"7b1055072cfa8fc1bb7a877c61ec33b362995efb"}
,"E:\\Dev-LNT-BE\\namastey-node\\src\\api\\middlewares\\validation.js": {"path":"E:\\Dev-LNT-BE\\namastey-node\\src\\api\\middlewares\\validation.js","statementMap":{"0":{"start":{"line":1,"column":29},"end":{"line":1,"column":57}},"1":{"start":{"line":3,"column":17},"end":{"line":21,"column":1}},"2":{"start":{"line":4,"column":2},"end":{"line":20,"column":4}},"3":{"start":{"line":6,"column":4},"end":{"line":6,"column":74}},"4":{"start":{"line":6,"column":52},"end":{"line":6,"column":71}},"5":{"start":{"line":9,"column":19},"end":{"line":9,"column":40}},"6":{"start":{"line":11,"column":4},"end":{"line":17,"column":5}},"7":{"start":{"line":12,"column":6},"end":{"line":16,"column":9}},"8":{"start":{"line":19,"column":4},"end":{"line":19,"column":11}},"9":{"start":{"line":23,"column":0},"end":{"line":23,"column":30}}},"fnMap":{"0":{"name":"(anonymous_0)","decl":{"start":{"line":3,"column":17},"end":{"line":3,"column":18}},"loc":{"start":{"line":3,"column":34},"end":{"line":21,"column":1}},"line":3},"1":{"name":"(anonymous_1)","decl":{"start":{"line":4,"column":9},"end":{"line":4,"column":10}},"loc":{"start":{"line":4,"column":35},"end":{"line":20,"column":3}},"line":4},"2":{"name":"(anonymous_2)","decl":{"start":{"line":6,"column":38},"end":{"line":6,"column":39}},"loc":{"start":{"line":6,"column":52},"end":{"line":6,"column":71}},"line":6}},"branchMap":{"0":{"loc":{"start":{"line":11,"column":4},"end":{"line":17,"column":5}},"type":"if","locations":[{"start":{"line":11,"column":4},"end":{"line":17,"column":5}},{"start":{},"end":{}}],"line":11}},"s":{"0":0,"1":0,"2":0,"3":0,"4":0,"5":0,"6":0,"7":0,"8":0,"9":0},"f":{"0":0,"1":0,"2":0},"b":{"0":[0,0]}}
,"E:\\Dev-LNT-BE\\namastey-node\\src\\api\\v2\\index.js": {"path":"E:\\Dev-LNT-BE\\namastey-node\\src\\api\\v2\\index.js","statementMap":{"0":{"start":{"line":1,"column":16},"end":{"line":1,"column":34}},"1":{"start":{"line":2,"column":25},"end":{"line":2,"column":62}},"2":{"start":{"line":3,"column":19},"end":{"line":3,"column":50}},"3":{"start":{"line":4,"column":19},"end":{"line":4,"column":50}},"4":{"start":{"line":5,"column":19},"end":{"line":5,"column":50}},"5":{"start":{"line":6,"column":24},"end":{"line":6,"column":55}},"6":{"start":{"line":7,"column":25},"end":{"line":7,"column":57}},"7":{"start":{"line":8,"column":26},"end":{"line":8,"column":59}},"8":{"start":{"line":10,"column":17},"end":{"line":10,"column":33}},"9":{"start":{"line":13,"column":31},"end":{"line":13,"column":68}},"10":{"start":{"line":14,"column":25},"end":{"line":14,"column":56}},"11":{"start":{"line":15,"column":25},"end":{"line":15,"column":56}},"12":{"start":{"line":16,"column":25},"end":{"line":16,"column":56}},"13":{"start":{"line":17,"column":25},"end":{"line":17,"column":56}},"14":{"start":{"line":18,"column":26},"end":{"line":18,"column":58}},"15":{"start":{"line":19,"column":27},"end":{"line":19,"column":60}},"16":{"start":{"line":21,"column":2},"end":{"line":21,"column":79}},"17":{"start":{"line":22,"column":2},"end":{"line":22,"column":60}},"18":{"start":{"line":23,"column":2},"end":{"line":23,"column":60}},"19":{"start":{"line":24,"column":2},"end":{"line":24,"column":60}},"20":{"start":{"line":25,"column":2},"end":{"line":25,"column":66}},"21":{"start":{"line":26,"column":2},"end":{"line":26,"column":69}},"22":{"start":{"line":27,"column":2},"end":{"line":27,"column":71}},"23":{"start":{"line":29,"column":2},"end":{"line":42,"column":5}},"24":{"start":{"line":30,"column":20},"end":{"line":30,"column":65}},"25":{"start":{"line":31,"column":24},"end":{"line":31,"column":43}},"26":{"start":{"line":32,"column":19},"end":{"line":32,"column":35}},"27":{"start":{"line":35,"column":4},"end":{"line":41,"column":5}},"28":{"start":{"line":37,"column":6},"end":{"line":37,"column":46}},"29":{"start":{"line":40,"column":6},"end":{"line":40,"column":46}},"30":{"start":{"line":45,"column":2},"end":{"line":56,"column":5}},"31":{"start":{"line":46,"column":4},"end":{"line":55,"column":7}},"32":{"start":{"line":58,"column":2},"end":{"line":58,"column":16}},"33":{"start":{"line":63,"column":2},"end":{"line":261,"column":6}},"34":{"start":{"line":266,"column":2},"end":{"line":281,"column":4}},"35":{"start":{"line":284,"column":0},"end":{"line":284,"column":31}}},"fnMap":{"0":{"name":"setupV2Routes","decl":{"start":{"line":9,"column":9},"end":{"line":9,"column":22}},"loc":{"start":{"line":9,"column":44},"end":{"line":59,"column":1}},"line":9},"1":{"name":"(anonymous_1)","decl":{"start":{"line":29,"column":18},"end":{"line":29,"column":19}},"loc":{"start":{"line":29,"column":32},"end":{"line":42,"column":3}},"line":29},"2":{"name":"(anonymous_2)","decl":{"start":{"line":45,"column":24},"end":{"line":45,"column":25}},"loc":{"start":{"line":45,"column":38},"end":{"line":56,"column":3}},"line":45},"3":{"name":"getHtmlDocumentation","decl":{"start":{"line":62,"column":9},"end":{"line":62,"column":29}},"loc":{"start":{"line":62,"column":39},"end":{"line":262,"column":1}},"line":62},"4":{"name":"getJsonDocumentation","decl":{"start":{"line":265,"column":9},"end":{"line":265,"column":29}},"loc":{"start":{"line":265,"column":39},"end":{"line":282,"column":1}},"line":265}},"branchMap":{"0":{"loc":{"start":{"line":35,"column":4},"end":{"line":41,"column":5}},"type":"if","locations":[{"start":{"line":35,"column":4},"end":{"line":41,"column":5}},{"start":{"line":38,"column":11},"end":{"line":41,"column":5}}],"line":35},"1":{"loc":{"start":{"line":35,"column":8},"end":{"line":35,"column":63}},"type":"binary-expr","locations":[{"start":{"line":35,"column":8},"end":{"line":35,"column":25}},{"start":{"line":35,"column":30},"end":{"line":35,"column":41}},{"start":{"line":35,"column":45},"end":{"line":35,"column":62}}],"line":35}},"s":{"0":1,"1":1,"2":1,"3":1,"4":1,"5":1,"6":1,"7":1,"8":1,"9":1,"10":1,"11":1,"12":1,"13":1,"14":1,"15":1,"16":1,"17":1,"18":1,"19":1,"20":1,"21":1,"22":1,"23":1,"24":0,"25":0,"26":0,"27":0,"28":0,"29":0,"30":1,"31":0,"32":1,"33":0,"34":0,"35":1},"f":{"0":1,"1":0,"2":0,"3":0,"4":0},"b":{"0":[0,0],"1":[0,0,0]},"_coverageSchema":"1a1c01bbd47fc00a2c39e90264f33305004495a9","hash":"8acf5d759b473ee672474bb87d06bcc4a4a7bab0"}
,"E:\\Dev-LNT-BE\\namastey-node\\src\\api\\v2\\routes\\auth.routes.js": {"path":"E:\\Dev-LNT-BE\\namastey-node\\src\\api\\v2\\routes\\auth.routes.js","statementMap":{"0":{"start":{"line":3,"column":16},"end":{"line":3,"column":34}},"1":{"start":{"line":4,"column":15},"end":{"line":4,"column":31}},"2":{"start":{"line":5,"column":31},"end":{"line":5,"column":73}},"3":{"start":{"line":8,"column":3},"end":{"line":8,"column":69}},"4":{"start":{"line":11,"column":2},"end":{"line":11,"column":46}},"5":{"start":{"line":14,"column":2},"end":{"line":14,"column":48}},"6":{"start":{"line":17,"column":2},"end":{"line":17,"column":16}},"7":{"start":{"line":20,"column":0},"end":{"line":20,"column":33}}},"fnMap":{"0":{"name":"setupAuthRoutes","decl":{"start":{"line":6,"column":9},"end":{"line":6,"column":24}},"loc":{"start":{"line":6,"column":41},"end":{"line":18,"column":1}},"line":6}},"branchMap":{},"s":{"0":1,"1":1,"2":1,"3":1,"4":1,"5":1,"6":1,"7":1},"f":{"0":1},"b":{},"_coverageSchema":"1a1c01bbd47fc00a2c39e90264f33305004495a9","hash":"154aa3148161e86becb9772f4dfbf1b6dab01fd8"}
,"E:\\Dev-LNT-BE\\namastey-node\\src\\api\\v2\\routes\\chat.routes.js": {"path":"E:\\Dev-LNT-BE\\namastey-node\\src\\api\\v2\\routes\\chat.routes.js","statementMap":{"0":{"start":{"line":1,"column":16},"end":{"line":1,"column":34}},"1":{"start":{"line":2,"column":15},"end":{"line":2,"column":31}},"2":{"start":{"line":11,"column":4},"end":{"line":11,"column":72}},"3":{"start":{"line":12,"column":4},"end":{"line":12,"column":18}},"4":{"start":{"line":14,"column":0},"end":{"line":14,"column":33}}},"fnMap":{"0":{"name":"setupChatRoutes","decl":{"start":{"line":10,"column":9},"end":{"line":10,"column":24}},"loc":{"start":{"line":10,"column":51},"end":{"line":13,"column":1}},"line":10}},"branchMap":{},"s":{"0":1,"1":1,"2":1,"3":1,"4":1},"f":{"0":1},"b":{},"_coverageSchema":"1a1c01bbd47fc00a2c39e90264f33305004495a9","hash":"d3a06515b63868c91231a1f360d80d82a955a702"}
,"E:\\Dev-LNT-BE\\namastey-node\\src\\api\\v2\\routes\\connection.routes.js": {"path":"E:\\Dev-LNT-BE\\namastey-node\\src\\api\\v2\\routes\\connection.routes.js","statementMap":{"0":{"start":{"line":1,"column":16},"end":{"line":1,"column":34}},"1":{"start":{"line":2,"column":15},"end":{"line":2,"column":31}},"2":{"start":{"line":14,"column":2},"end":{"line":18,"column":4}},"3":{"start":{"line":21,"column":2},"end":{"line":25,"column":4}},"4":{"start":{"line":27,"column":2},"end":{"line":31,"column":3}},"5":{"start":{"line":33,"column":2},"end":{"line":36,"column":3}},"6":{"start":{"line":37,"column":2},"end":{"line":37,"column":16}},"7":{"start":{"line":40,"column":0},"end":{"line":40,"column":39}}},"fnMap":{"0":{"name":"setupConnectionRoutes","decl":{"start":{"line":9,"column":9},"end":{"line":9,"column":30}},"loc":{"start":{"line":9,"column":63},"end":{"line":38,"column":1}},"line":9}},"branchMap":{},"s":{"0":1,"1":1,"2":1,"3":1,"4":1,"5":1,"6":1,"7":1},"f":{"0":1},"b":{},"_coverageSchema":"1a1c01bbd47fc00a2c39e90264f33305004495a9","hash":"a5ff3785f3c59f05ac7f957fe9b6dc97ff156ef2"}
,"E:\\Dev-LNT-BE\\namastey-node\\src\\api\\v2\\routes\\feed.routes.js": {"path":"E:\\Dev-LNT-BE\\namastey-node\\src\\api\\v2\\routes\\feed.routes.js","statementMap":{"0":{"start":{"line":1,"column":16},"end":{"line":1,"column":34}},"1":{"start":{"line":2,"column":15},"end":{"line":2,"column":31}},"2":{"start":{"line":6,"column":2},"end":{"line":6,"column":57}},"3":{"start":{"line":7,"column":2},"end":{"line":7,"column":16}},"4":{"start":{"line":10,"column":0},"end":{"line":10,"column":33}}},"fnMap":{"0":{"name":"setupFeedRoutes","decl":{"start":{"line":5,"column":9},"end":{"line":5,"column":24}},"loc":{"start":{"line":5,"column":51},"end":{"line":8,"column":1}},"line":5}},"branchMap":{},"s":{"0":1,"1":1,"2":1,"3":1,"4":1},"f":{"0":1},"b":{},"_coverageSchema":"1a1c01bbd47fc00a2c39e90264f33305004495a9","hash":"541fcbe4c4977c4680e13d073faaf25de538dc19"}
,"E:\\Dev-LNT-BE\\namastey-node\\src\\api\\v2\\routes\\health.routes.js": {"path":"E:\\Dev-LNT-BE\\namastey-node\\src\\api\\v2\\routes\\health.routes.js","statementMap":{"0":{"start":{"line":1,"column":16},"end":{"line":1,"column":34}},"1":{"start":{"line":2,"column":15},"end":{"line":2,"column":31}},"2":{"start":{"line":3,"column":17},"end":{"line":3,"column":36}},"3":{"start":{"line":15,"column":2},"end":{"line":55,"column":5}},"4":{"start":{"line":16,"column":19},"end":{"line":24,"column":5}},"5":{"start":{"line":27,"column":4},"end":{"line":33,"column":5}},"6":{"start":{"line":28,"column":6},"end":{"line":30,"column":22}},"7":{"start":{"line":32,"column":6},"end":{"line":32,"column":45}},"8":{"start":{"line":36,"column":4},"end":{"line":42,"column":5}},"9":{"start":{"line":37,"column":6},"end":{"line":39,"column":22}},"10":{"start":{"line":41,"column":6},"end":{"line":41,"column":42}},"11":{"start":{"line":45,"column":22},"end":{"line":46,"column":57}},"12":{"start":{"line":48,"column":4},"end":{"line":48,"column":55}},"13":{"start":{"line":50,"column":23},"end":{"line":50,"column":44}},"14":{"start":{"line":54,"column":4},"end":{"line":54,"column":40}},"15":{"start":{"line":60,"column":2},"end":{"line":121,"column":5}},"16":{"start":{"line":61,"column":19},"end":{"line":73,"column":5}},"17":{"start":{"line":76,"column":4},"end":{"line":91,"column":5}},"18":{"start":{"line":77,"column":22},"end":{"line":77,"column":52}},"19":{"start":{"line":78,"column":21},"end":{"line":78,"column":81}},"20":{"start":{"line":80,"column":6},"end":{"line":85,"column":8}},"21":{"start":{"line":87,"column":6},"end":{"line":90,"column":8}},"22":{"start":{"line":94,"column":4},"end":{"line":110,"column":5}},"23":{"start":{"line":95,"column":6},"end":{"line":98,"column":8}},"24":{"start":{"line":101,"column":6},"end":{"line":104,"column":7}},"25":{"start":{"line":102,"column":29},"end":{"line":102,"column":54}},"26":{"start":{"line":103,"column":8},"end":{"line":103,"column":53}},"27":{"start":{"line":106,"column":6},"end":{"line":109,"column":8}},"28":{"start":{"line":113,"column":22},"end":{"line":114,"column":65}},"29":{"start":{"line":116,"column":4},"end":{"line":116,"column":55}},"30":{"start":{"line":118,"column":23},"end":{"line":118,"column":44}},"31":{"start":{"line":120,"column":4},"end":{"line":120,"column":40}},"32":{"start":{"line":126,"column":2},"end":{"line":133,"column":5}},"33":{"start":{"line":129,"column":4},"end":{"line":132,"column":7}},"34":{"start":{"line":138,"column":2},"end":{"line":145,"column":5}},"35":{"start":{"line":139,"column":25},"end":{"line":139,"column":50}},"36":{"start":{"line":141,"column":4},"end":{"line":144,"column":7}},"37":{"start":{"line":150,"column":2},"end":{"line":159,"column":5}},"38":{"start":{"line":155,"column":4},"end":{"line":158,"column":7}},"39":{"start":{"line":161,"column":2},"end":{"line":161,"column":16}},"40":{"start":{"line":164,"column":0},"end":{"line":164,"column":35}}},"fnMap":{"0":{"name":"setupHealthRoutes","decl":{"start":{"line":10,"column":9},"end":{"line":10,"column":26}},"loc":{"start":{"line":10,"column":54},"end":{"line":162,"column":1}},"line":10},"1":{"name":"(anonymous_1)","decl":{"start":{"line":15,"column":18},"end":{"line":15,"column":19}},"loc":{"start":{"line":15,"column":38},"end":{"line":55,"column":3}},"line":15},"2":{"name":"(anonymous_2)","decl":{"start":{"line":60,"column":26},"end":{"line":60,"column":27}},"loc":{"start":{"line":60,"column":46},"end":{"line":121,"column":3}},"line":60},"3":{"name":"(anonymous_3)","decl":{"start":{"line":126,"column":25},"end":{"line":126,"column":26}},"loc":{"start":{"line":126,"column":39},"end":{"line":133,"column":3}},"line":126},"4":{"name":"(anonymous_4)","decl":{"start":{"line":138,"column":23},"end":{"line":138,"column":24}},"loc":{"start":{"line":138,"column":37},"end":{"line":145,"column":3}},"line":138},"5":{"name":"(anonymous_5)","decl":{"start":{"line":150,"column":32},"end":{"line":150,"column":33}},"loc":{"start":{"line":150,"column":46},"end":{"line":159,"column":3}},"line":150}},"branchMap":{"0":{"loc":{"start":{"line":28,"column":33},"end":{"line":30,"column":21}},"type":"cond-expr","locations":[{"start":{"line":29,"column":10},"end":{"line":29,"column":19}},{"start":{"line":30,"column":10},"end":{"line":30,"column":21}}],"line":28},"1":{"loc":{"start":{"line":37,"column":30},"end":{"line":39,"column":21}},"type":"cond-expr","locations":[{"start":{"line":38,"column":10},"end":{"line":38,"column":19}},{"start":{"line":39,"column":10},"end":{"line":39,"column":21}}],"line":37},"2":{"loc":{"start":{"line":45,"column":22},"end":{"line":46,"column":57}},"type":"binary-expr","locations":[{"start":{"line":45,"column":22},"end":{"line":45,"column":60}},{"start":{"line":46,"column":22},"end":{"line":46,"column":57}}],"line":45},"3":{"loc":{"start":{"line":48,"column":20},"end":{"line":48,"column":54}},"type":"cond-expr","locations":[{"start":{"line":48,"column":32},"end":{"line":48,"column":41}},{"start":{"line":48,"column":44},"end":{"line":48,"column":54}}],"line":48},"4":{"loc":{"start":{"line":50,"column":23},"end":{"line":50,"column":44}},"type":"cond-expr","locations":[{"start":{"line":50,"column":35},"end":{"line":50,"column":38}},{"start":{"line":50,"column":41},"end":{"line":50,"column":44}}],"line":50},"5":{"loc":{"start":{"line":71,"column":15},"end":{"line":71,"column":57}},"type":"binary-expr","locations":[{"start":{"line":71,"column":15},"end":{"line":71,"column":46}},{"start":{"line":71,"column":50},"end":{"line":71,"column":57}}],"line":71},"6":{"loc":{"start":{"line":72,"column":19},"end":{"line":72,"column":56}},"type":"binary-expr","locations":[{"start":{"line":72,"column":19},"end":{"line":72,"column":39}},{"start":{"line":72,"column":43},"end":{"line":72,"column":56}}],"line":72},"7":{"loc":{"start":{"line":81,"column":16},"end":{"line":81,"column":55}},"type":"cond-expr","locations":[{"start":{"line":81,"column":32},"end":{"line":81,"column":41}},{"start":{"line":81,"column":44},"end":{"line":81,"column":55}}],"line":81},"8":{"loc":{"start":{"line":96,"column":16},"end":{"line":96,"column":65}},"type":"cond-expr","locations":[{"start":{"line":96,"column":42},"end":{"line":96,"column":51}},{"start":{"line":96,"column":54},"end":{"line":96,"column":65}}],"line":96},"9":{"loc":{"start":{"line":101,"column":6},"end":{"line":104,"column":7}},"type":"if","locations":[{"start":{"line":101,"column":6},"end":{"line":104,"column":7}},{"start":{},"end":{}}],"line":101},"10":{"loc":{"start":{"line":113,"column":22},"end":{"line":114,"column":65}},"type":"binary-expr","locations":[{"start":{"line":113,"column":22},"end":{"line":113,"column":67}},{"start":{"line":114,"column":22},"end":{"line":114,"column":65}}],"line":113},"11":{"loc":{"start":{"line":116,"column":20},"end":{"line":116,"column":54}},"type":"cond-expr","locations":[{"start":{"line":116,"column":32},"end":{"line":116,"column":41}},{"start":{"line":116,"column":44},"end":{"line":116,"column":54}}],"line":116},"12":{"loc":{"start":{"line":118,"column":23},"end":{"line":118,"column":44}},"type":"cond-expr","locations":[{"start":{"line":118,"column":35},"end":{"line":118,"column":38}},{"start":{"line":118,"column":41},"end":{"line":118,"column":44}}],"line":118}},"s":{"0":1,"1":1,"2":1,"3":0,"4":0,"5":0,"6":0,"7":0,"8":0,"9":0,"10":0,"11":0,"12":0,"13":0,"14":0,"15":0,"16":0,"17":0,"18":0,"19":0,"20":0,"21":0,"22":0,"23":0,"24":0,"25":0,"26":0,"27":0,"28":0,"29":0,"30":0,"31":0,"32":0,"33":0,"34":0,"35":0,"36":0,"37":0,"38":0,"39":0,"40":1},"f":{"0":0,"1":0,"2":0,"3":0,"4":0,"5":0},"b":{"0":[0,0],"1":[0,0],"2":[0,0],"3":[0,0],"4":[0,0],"5":[0,0],"6":[0,0],"7":[0,0],"8":[0,0],"9":[0,0],"10":[0,0],"11":[0,0],"12":[0,0]},"_coverageSchema":"1a1c01bbd47fc00a2c39e90264f33305004495a9","hash":"a02c66d14e350ca667390965b109e5adb2051045"}
,"E:\\Dev-LNT-BE\\namastey-node\\src\\api\\v2\\routes\\metrics.routes.js": {"path":"E:\\Dev-LNT-BE\\namastey-node\\src\\api\\v2\\routes\\metrics.routes.js","statementMap":{"0":{"start":{"line":1,"column":16},"end":{"line":1,"column":34}},"1":{"start":{"line":2,"column":15},"end":{"line":2,"column":31}},"2":{"start":{"line":6,"column":2},"end":{"line":13,"column":5}},"3":{"start":{"line":7,"column":20},"end":{"line":7,"column":45}},"4":{"start":{"line":9,"column":4},"end":{"line":12,"column":7}},"5":{"start":{"line":16,"column":2},"end":{"line":23,"column":5}},"6":{"start":{"line":17,"column":4},"end":{"line":17,"column":32}},"7":{"start":{"line":19,"column":4},"end":{"line":22,"column":7}},"8":{"start":{"line":25,"column":2},"end":{"line":25,"column":16}},"9":{"start":{"line":28,"column":0},"end":{"line":28,"column":36}}},"fnMap":{"0":{"name":"setupMetricsRoutes","decl":{"start":{"line":4,"column":9},"end":{"line":4,"column":27}},"loc":{"start":{"line":4,"column":42},"end":{"line":26,"column":1}},"line":4},"1":{"name":"(anonymous_1)","decl":{"start":{"line":6,"column":23},"end":{"line":6,"column":24}},"loc":{"start":{"line":6,"column":37},"end":{"line":13,"column":3}},"line":6},"2":{"name":"(anonymous_2)","decl":{"start":{"line":16,"column":30},"end":{"line":16,"column":31}},"loc":{"start":{"line":16,"column":44},"end":{"line":23,"column":3}},"line":16}},"branchMap":{},"s":{"0":1,"1":1,"2":1,"3":0,"4":0,"5":1,"6":0,"7":0,"8":1,"9":1},"f":{"0":1,"1":0,"2":0},"b":{},"_coverageSchema":"1a1c01bbd47fc00a2c39e90264f33305004495a9","hash":"4a60282660b38de87a326cc6f8176bd2714b45b3"}
,"E:\\Dev-LNT-BE\\namastey-node\\src\\api\\v2\\routes\\order.routes.js": {"path":"E:\\Dev-LNT-BE\\namastey-node\\src\\api\\v2\\routes\\order.routes.js","statementMap":{"0":{"start":{"line":1,"column":16},"end":{"line":1,"column":34}},"1":{"start":{"line":4,"column":15},"end":{"line":4,"column":31}},"2":{"start":{"line":12,"column":25},"end":{"line":17,"column":1}},"3":{"start":{"line":13,"column":4},"end":{"line":13,"column":72}},"4":{"start":{"line":15,"column":4},"end":{"line":15,"column":76}},"5":{"start":{"line":16,"column":4},"end":{"line":16,"column":18}},"6":{"start":{"line":20,"column":0},"end":{"line":20,"column":34}}},"fnMap":{"0":{"name":"(anonymous_0)","decl":{"start":{"line":12,"column":25},"end":{"line":12,"column":26}},"loc":{"start":{"line":12,"column":55},"end":{"line":17,"column":1}},"line":12}},"branchMap":{},"s":{"0":1,"1":1,"2":1,"3":1,"4":1,"5":1,"6":1},"f":{"0":1},"b":{},"_coverageSchema":"1a1c01bbd47fc00a2c39e90264f33305004495a9","hash":"bd8658ccf5562ff04ca68642c051f34da482ca67"}
,"E:\\Dev-LNT-BE\\namastey-node\\src\\api\\v2\\routes\\upload.routes.js": {"path":"E:\\Dev-LNT-BE\\namastey-node\\src\\api\\v2\\routes\\upload.routes.js","statementMap":{"0":{"start":{"line":1,"column":16},"end":{"line":1,"column":34}},"1":{"start":{"line":2,"column":15},"end":{"line":2,"column":31}},"2":{"start":{"line":3,"column":15},"end":{"line":3,"column":60}},"3":{"start":{"line":6,"column":4},"end":{"line":6,"column":47}},"4":{"start":{"line":9,"column":4},"end":{"line":14,"column":6}},"5":{"start":{"line":17,"column":4},"end":{"line":21,"column":6}},"6":{"start":{"line":23,"column":4},"end":{"line":23,"column":18}},"7":{"start":{"line":26,"column":0},"end":{"line":26,"column":35}}},"fnMap":{"0":{"name":"setupUploadRoutes","decl":{"start":{"line":5,"column":9},"end":{"line":5,"column":26}},"loc":{"start":{"line":5,"column":55},"end":{"line":24,"column":1}},"line":5}},"branchMap":{},"s":{"0":1,"1":1,"2":1,"3":1,"4":1,"5":1,"6":1,"7":1},"f":{"0":1},"b":{},"_coverageSchema":"1a1c01bbd47fc00a2c39e90264f33305004495a9","hash":"adf4e99988750a7cf2610b0959c4b58bde487756"}
,"E:\\Dev-LNT-BE\\namastey-node\\src\\api\\v2\\routes\\user.routes.js": {"path":"E:\\Dev-LNT-BE\\namastey-node\\src\\api\\v2\\routes\\user.routes.js","statementMap":{"0":{"start":{"line":1,"column":16},"end":{"line":1,"column":34}},"1":{"start":{"line":2,"column":15},"end":{"line":2,"column":31}},"2":{"start":{"line":3,"column":36},"end":{"line":3,"column":78}},"3":{"start":{"line":11,"column":2},"end":{"line":15,"column":4}},"4":{"start":{"line":17,"column":0},"end":{"line":22,"column":4}},"5":{"start":{"line":25,"column":2},"end":{"line":25,"column":16}},"6":{"start":{"line":35,"column":0},"end":{"line":35,"column":33}}},"fnMap":{"0":{"name":"setupUserRoutes","decl":{"start":{"line":9,"column":9},"end":{"line":9,"column":24}},"loc":{"start":{"line":9,"column":51},"end":{"line":26,"column":1}},"line":9}},"branchMap":{},"s":{"0":1,"1":1,"2":1,"3":1,"4":1,"5":1,"6":1},"f":{"0":1},"b":{},"_coverageSchema":"1a1c01bbd47fc00a2c39e90264f33305004495a9","hash":"89fae34d7cd9cca04a0393ac3380c7ac8af338c5"}
,"E:\\Dev-LNT-BE\\namastey-node\\src\\api\\validators\\authValidators.js": {"path":"E:\\Dev-LNT-BE\\namastey-node\\src\\api\\validators\\authValidators.js","statementMap":{"0":{"start":{"line":3,"column":18},"end":{"line":3,"column":38}},"1":{"start":{"line":5,"column":27},"end":{"line":136,"column":1}},"2":{"start":{"line":6,"column":51},"end":{"line":6,"column":59}},"3":{"start":{"line":7,"column":17},"end":{"line":7,"column":19}},"4":{"start":{"line":10,"column":22},"end":{"line":100,"column":3}},"5":{"start":{"line":103,"column":2},"end":{"line":115,"column":5}},"6":{"start":{"line":104,"column":25},"end":{"line":104,"column":73}},"7":{"start":{"line":106,"column":4},"end":{"line":114,"column":7}},"8":{"start":{"line":107,"column":6},"end":{"line":113,"column":7}},"9":{"start":{"line":108,"column":8},"end":{"line":112,"column":11}},"10":{"start":{"line":118,"column":2},"end":{"line":124,"column":3}},"11":{"start":{"line":119,"column":4},"end":{"line":123,"column":7}},"12":{"start":{"line":127,"column":2},"end":{"line":133,"column":4}},"13":{"start":{"line":135,"column":2},"end":{"line":135,"column":9}},"14":{"start":{"line":138,"column":32},"end":{"line":279,"column":1}},"15":{"start":{"line":139,"column":24},"end":{"line":149,"column":3}},"16":{"start":{"line":151,"column":17},"end":{"line":151,"column":19}},"17":{"start":{"line":152,"column":21},"end":{"line":152,"column":23}},"18":{"start":{"line":155,"column":24},"end":{"line":155,"column":45}},"19":{"start":{"line":156,"column":24},"end":{"line":156,"column":85}},"20":{"start":{"line":156,"column":54},"end":{"line":156,"column":84}},"21":{"start":{"line":158,"column":2},"end":{"line":165,"column":3}},"22":{"start":{"line":159,"column":4},"end":{"line":164,"column":7}},"23":{"start":{"line":168,"column":2},"end":{"line":179,"column":3}},"24":{"start":{"line":169,"column":22},"end":{"line":169,"column":47}},"25":{"start":{"line":170,"column":4},"end":{"line":178,"column":5}},"26":{"start":{"line":171,"column":6},"end":{"line":171,"column":95}},"27":{"start":{"line":172,"column":11},"end":{"line":178,"column":5}},"28":{"start":{"line":173,"column":6},"end":{"line":173,"column":93}},"29":{"start":{"line":174,"column":11},"end":{"line":178,"column":5}},"30":{"start":{"line":175,"column":6},"end":{"line":175,"column":93}},"31":{"start":{"line":177,"column":6},"end":{"line":177,"column":39}},"32":{"start":{"line":181,"column":2},"end":{"line":192,"column":3}},"33":{"start":{"line":182,"column":21},"end":{"line":182,"column":45}},"34":{"start":{"line":183,"column":4},"end":{"line":191,"column":5}},"35":{"start":{"line":184,"column":6},"end":{"line":184,"column":93}},"36":{"start":{"line":185,"column":11},"end":{"line":191,"column":5}},"37":{"start":{"line":186,"column":6},"end":{"line":186,"column":91}},"38":{"start":{"line":187,"column":11},"end":{"line":191,"column":5}},"39":{"start":{"line":188,"column":6},"end":{"line":188,"column":91}},"40":{"start":{"line":190,"column":6},"end":{"line":190,"column":37}},"41":{"start":{"line":194,"column":2},"end":{"line":205,"column":3}},"42":{"start":{"line":195,"column":16},"end":{"line":195,"column":38}},"43":{"start":{"line":196,"column":4},"end":{"line":204,"column":5}},"44":{"start":{"line":197,"column":6},"end":{"line":197,"column":75}},"45":{"start":{"line":198,"column":11},"end":{"line":204,"column":5}},"46":{"start":{"line":199,"column":6},"end":{"line":199,"column":72}},"47":{"start":{"line":200,"column":11},"end":{"line":204,"column":5}},"48":{"start":{"line":201,"column":6},"end":{"line":201,"column":70}},"49":{"start":{"line":203,"column":6},"end":{"line":203,"column":27}},"50":{"start":{"line":207,"column":2},"end":{"line":214,"column":3}},"51":{"start":{"line":208,"column":18},"end":{"line":208,"column":39}},"52":{"start":{"line":209,"column":4},"end":{"line":213,"column":5}},"53":{"start":{"line":210,"column":6},"end":{"line":210,"column":94}},"54":{"start":{"line":212,"column":6},"end":{"line":212,"column":31}},"55":{"start":{"line":216,"column":2},"end":{"line":232,"column":3}},"56":{"start":{"line":218,"column":17},"end":{"line":218,"column":32}},"57":{"start":{"line":219,"column":4},"end":{"line":221,"column":5}},"58":{"start":{"line":220,"column":6},"end":{"line":220,"column":83}},"59":{"start":{"line":220,"column":46},"end":{"line":220,"column":58}},"60":{"start":{"line":220,"column":76},"end":{"line":220,"column":81}},"61":{"start":{"line":223,"column":4},"end":{"line":231,"column":5}},"62":{"start":{"line":224,"column":6},"end":{"line":224,"column":101}},"63":{"start":{"line":225,"column":11},"end":{"line":231,"column":5}},"64":{"start":{"line":226,"column":6},"end":{"line":226,"column":83}},"65":{"start":{"line":227,"column":11},"end":{"line":231,"column":5}},"66":{"start":{"line":227,"column":36},"end":{"line":227,"column":53}},"67":{"start":{"line":228,"column":6},"end":{"line":228,"column":90}},"68":{"start":{"line":230,"column":6},"end":{"line":230,"column":33}},"69":{"start":{"line":234,"column":2},"end":{"line":244,"column":3}},"70":{"start":{"line":235,"column":21},"end":{"line":235,"column":45}},"71":{"start":{"line":236,"column":4},"end":{"line":243,"column":5}},"72":{"start":{"line":240,"column":6},"end":{"line":240,"column":99}},"73":{"start":{"line":242,"column":6},"end":{"line":242,"column":45}},"74":{"start":{"line":246,"column":2},"end":{"line":257,"column":3}},"75":{"start":{"line":247,"column":25},"end":{"line":247,"column":73}},"76":{"start":{"line":248,"column":19},"end":{"line":248,"column":48}},"77":{"start":{"line":249,"column":4},"end":{"line":256,"column":5}},"78":{"start":{"line":250,"column":6},"end":{"line":253,"column":9}},"79":{"start":{"line":255,"column":6},"end":{"line":255,"column":33}},"80":{"start":{"line":260,"column":2},"end":{"line":265,"column":3}},"81":{"start":{"line":261,"column":4},"end":{"line":264,"column":7}},"82":{"start":{"line":268,"column":2},"end":{"line":274,"column":3}},"83":{"start":{"line":269,"column":4},"end":{"line":273,"column":7}},"84":{"start":{"line":277,"column":2},"end":{"line":277,"column":39}},"85":{"start":{"line":278,"column":2},"end":{"line":278,"column":9}},"86":{"start":{"line":281,"column":0},"end":{"line":284,"column":2}}},"fnMap":{"0":{"name":"(anonymous_0)","decl":{"start":{"line":5,"column":27},"end":{"line":5,"column":28}},"loc":{"start":{"line":5,"column":47},"end":{"line":136,"column":1}},"line":5},"1":{"name":"(anonymous_1)","decl":{"start":{"line":103,"column":22},"end":{"line":103,"column":23}},"loc":{"start":{"line":103,"column":51},"end":{"line":115,"column":3}},"line":103},"2":{"name":"(anonymous_2)","decl":{"start":{"line":106,"column":18},"end":{"line":106,"column":19}},"loc":{"start":{"line":106,"column":28},"end":{"line":114,"column":5}},"line":106},"3":{"name":"(anonymous_3)","decl":{"start":{"line":138,"column":32},"end":{"line":138,"column":33}},"loc":{"start":{"line":138,"column":52},"end":{"line":279,"column":1}},"line":138},"4":{"name":"(anonymous_4)","decl":{"start":{"line":156,"column":45},"end":{"line":156,"column":46}},"loc":{"start":{"line":156,"column":54},"end":{"line":156,"column":84}},"line":156},"5":{"name":"(anonymous_5)","decl":{"start":{"line":220,"column":37},"end":{"line":220,"column":38}},"loc":{"start":{"line":220,"column":46},"end":{"line":220,"column":58}},"line":220},"6":{"name":"(anonymous_6)","decl":{"start":{"line":220,"column":67},"end":{"line":220,"column":68}},"loc":{"start":{"line":220,"column":76},"end":{"line":220,"column":81}},"line":220},"7":{"name":"(anonymous_7)","decl":{"start":{"line":227,"column":27},"end":{"line":227,"column":28}},"loc":{"start":{"line":227,"column":36},"end":{"line":227,"column":53}},"line":227}},"branchMap":{"0":{"loc":{"start":{"line":17,"column":17},"end":{"line":17,"column":57}},"type":"binary-expr","locations":[{"start":{"line":17,"column":17},"end":{"line":17,"column":26}},{"start":{"line":17,"column":30},"end":{"line":17,"column":57}}],"line":17},"1":{"loc":{"start":{"line":21,"column":17},"end":{"line":21,"column":58}},"type":"binary-expr","locations":[{"start":{"line":21,"column":17},"end":{"line":21,"column":26}},{"start":{"line":21,"column":30},"end":{"line":21,"column":58}}],"line":21},"2":{"loc":{"start":{"line":25,"column":17},"end":{"line":25,"column":71}},"type":"binary-expr","locations":[{"start":{"line":25,"column":17},"end":{"line":25,"column":26}},{"start":{"line":25,"column":30},"end":{"line":25,"column":71}}],"line":25},"3":{"loc":{"start":{"line":36,"column":17},"end":{"line":36,"column":55}},"type":"binary-expr","locations":[{"start":{"line":36,"column":17},"end":{"line":36,"column":25}},{"start":{"line":36,"column":29},"end":{"line":36,"column":55}}],"line":36},"4":{"loc":{"start":{"line":40,"column":17},"end":{"line":40,"column":56}},"type":"binary-expr","locations":[{"start":{"line":40,"column":17},"end":{"line":40,"column":25}},{"start":{"line":40,"column":29},"end":{"line":40,"column":56}}],"line":40},"5":{"loc":{"start":{"line":44,"column":17},"end":{"line":44,"column":69}},"type":"binary-expr","locations":[{"start":{"line":44,"column":17},"end":{"line":44,"column":25}},{"start":{"line":44,"column":29},"end":{"line":44,"column":69}}],"line":44},"6":{"loc":{"start":{"line":55,"column":17},"end":{"line":55,"column":58}},"type":"binary-expr","locations":[{"start":{"line":55,"column":17},"end":{"line":55,"column":22}},{"start":{"line":55,"column":26},"end":{"line":55,"column":58}}],"line":55},"7":{"loc":{"start":{"line":59,"column":17},"end":{"line":59,"column":51}},"type":"binary-expr","locations":[{"start":{"line":59,"column":17},"end":{"line":59,"column":22}},{"start":{"line":59,"column":26},"end":{"line":59,"column":51}}],"line":59},"8":{"loc":{"start":{"line":70,"column":17},"end":{"line":70,"column":48}},"type":"binary-expr","locations":[{"start":{"line":70,"column":17},"end":{"line":70,"column":25}},{"start":{"line":70,"column":29},"end":{"line":70,"column":48}}],"line":70},"9":{"loc":{"start":{"line":74,"column":17},"end":{"line":74,"column":50}},"type":"binary-expr","locations":[{"start":{"line":74,"column":17},"end":{"line":74,"column":25}},{"start":{"line":74,"column":29},"end":{"line":74,"column":50}}],"line":74},"10":{"loc":{"start":{"line":78,"column":17},"end":{"line":78,"column":52}},"type":"binary-expr","locations":[{"start":{"line":78,"column":17},"end":{"line":78,"column":25}},{"start":{"line":78,"column":29},"end":{"line":78,"column":52}}],"line":78},"11":{"loc":{"start":{"line":82,"column":17},"end":{"line":82,"column":52}},"type":"binary-expr","locations":[{"start":{"line":82,"column":17},"end":{"line":82,"column":25}},{"start":{"line":82,"column":29},"end":{"line":82,"column":52}}],"line":82},"12":{"loc":{"start":{"line":86,"column":17},"end":{"line":86,"column":49}},"type":"binary-expr","locations":[{"start":{"line":86,"column":17},"end":{"line":86,"column":25}},{"start":{"line":86,"column":29},"end":{"line":86,"column":49}}],"line":86},"13":{"loc":{"start":{"line":90,"column":17},"end":{"line":90,"column":69}},"type":"binary-expr","locations":[{"start":{"line":90,"column":17},"end":{"line":90,"column":25}},{"start":{"line":90,"column":29},"end":{"line":90,"column":69}}],"line":90},"14":{"loc":{"start":{"line":94,"column":17},"end":{"line":94,"column":48}},"type":"binary-expr","locations":[{"start":{"line":94,"column":17},"end":{"line":94,"column":25}},{"start":{"line":94,"column":29},"end":{"line":94,"column":48}}],"line":94},"15":{"loc":{"start":{"line":104,"column":25},"end":{"line":104,"column":73}},"type":"cond-expr","locations":[{"start":{"line":104,"column":53},"end":{"line":104,"column":65}},{"start":{"line":104,"column":68},"end":{"line":104,"column":73}}],"line":104},"16":{"loc":{"start":{"line":107,"column":6},"end":{"line":113,"column":7}},"type":"if","locations":[{"start":{"line":107,"column":6},"end":{"line":113,"column":7}},{"start":{},"end":{}}],"line":107},"17":{"loc":{"start":{"line":118,"column":2},"end":{"line":124,"column":3}},"type":"if","locations":[{"start":{"line":118,"column":2},"end":{"line":124,"column":3}},{"start":{},"end":{}}],"line":118},"18":{"loc":{"start":{"line":158,"column":2},"end":{"line":165,"column":3}},"type":"if","locations":[{"start":{"line":158,"column":2},"end":{"line":165,"column":3}},{"start":{},"end":{}}],"line":158},"19":{"loc":{"start":{"line":168,"column":2},"end":{"line":179,"column":3}},"type":"if","locations":[{"start":{"line":168,"column":2},"end":{"line":179,"column":3}},{"start":{},"end":{}}],"line":168},"20":{"loc":{"start":{"line":170,"column":4},"end":{"line":178,"column":5}},"type":"if","locations":[{"start":{"line":170,"column":4},"end":{"line":178,"column":5}},{"start":{"line":172,"column":11},"end":{"line":178,"column":5}}],"line":170},"21":{"loc":{"start":{"line":170,"column":8},"end":{"line":170,"column":42}},"type":"binary-expr","locations":[{"start":{"line":170,"column":8},"end":{"line":170,"column":18}},{"start":{"line":170,"column":22},"end":{"line":170,"column":42}}],"line":170},"22":{"loc":{"start":{"line":172,"column":11},"end":{"line":178,"column":5}},"type":"if","locations":[{"start":{"line":172,"column":11},"end":{"line":178,"column":5}},{"start":{"line":174,"column":11},"end":{"line":178,"column":5}}],"line":172},"23":{"loc":{"start":{"line":174,"column":11},"end":{"line":178,"column":5}},"type":"if","locations":[{"start":{"line":174,"column":11},"end":{"line":178,"column":5}},{"start":{"line":176,"column":11},"end":{"line":178,"column":5}}],"line":174},"24":{"loc":{"start":{"line":181,"column":2},"end":{"line":192,"column":3}},"type":"if","locations":[{"start":{"line":181,"column":2},"end":{"line":192,"column":3}},{"start":{},"end":{}}],"line":181},"25":{"loc":{"start":{"line":183,"column":4},"end":{"line":191,"column":5}},"type":"if","locations":[{"start":{"line":183,"column":4},"end":{"line":191,"column":5}},{"start":{"line":185,"column":11},"end":{"line":191,"column":5}}],"line":183},"26":{"loc":{"start":{"line":183,"column":8},"end":{"line":183,"column":40}},"type":"binary-expr","locations":[{"start":{"line":183,"column":8},"end":{"line":183,"column":17}},{"start":{"line":183,"column":21},"end":{"line":183,"column":40}}],"line":183},"27":{"loc":{"start":{"line":185,"column":11},"end":{"line":191,"column":5}},"type":"if","locations":[{"start":{"line":185,"column":11},"end":{"line":191,"column":5}},{"start":{"line":187,"column":11},"end":{"line":191,"column":5}}],"line":185},"28":{"loc":{"start":{"line":187,"column":11},"end":{"line":191,"column":5}},"type":"if","locations":[{"start":{"line":187,"column":11},"end":{"line":191,"column":5}},{"start":{"line":189,"column":11},"end":{"line":191,"column":5}}],"line":187},"29":{"loc":{"start":{"line":194,"column":2},"end":{"line":205,"column":3}},"type":"if","locations":[{"start":{"line":194,"column":2},"end":{"line":205,"column":3}},{"start":{},"end":{}}],"line":194},"30":{"loc":{"start":{"line":196,"column":4},"end":{"line":204,"column":5}},"type":"if","locations":[{"start":{"line":196,"column":4},"end":{"line":204,"column":5}},{"start":{"line":198,"column":11},"end":{"line":204,"column":5}}],"line":196},"31":{"loc":{"start":{"line":198,"column":11},"end":{"line":204,"column":5}},"type":"if","locations":[{"start":{"line":198,"column":11},"end":{"line":204,"column":5}},{"start":{"line":200,"column":11},"end":{"line":204,"column":5}}],"line":198},"32":{"loc":{"start":{"line":200,"column":11},"end":{"line":204,"column":5}},"type":"if","locations":[{"start":{"line":200,"column":11},"end":{"line":204,"column":5}},{"start":{"line":202,"column":11},"end":{"line":204,"column":5}}],"line":200},"33":{"loc":{"start":{"line":207,"column":2},"end":{"line":214,"column":3}},"type":"if","locations":[{"start":{"line":207,"column":2},"end":{"line":214,"column":3}},{"start":{},"end":{}}],"line":207},"34":{"loc":{"start":{"line":209,"column":4},"end":{"line":213,"column":5}},"type":"if","locations":[{"start":{"line":209,"column":4},"end":{"line":213,"column":5}},{"start":{"line":211,"column":11},"end":{"line":213,"column":5}}],"line":209},"35":{"loc":{"start":{"line":216,"column":2},"end":{"line":232,"column":3}},"type":"if","locations":[{"start":{"line":216,"column":2},"end":{"line":232,"column":3}},{"start":{},"end":{}}],"line":216},"36":{"loc":{"start":{"line":219,"column":4},"end":{"line":221,"column":5}},"type":"if","locations":[{"start":{"line":219,"column":4},"end":{"line":221,"column":5}},{"start":{},"end":{}}],"line":219},"37":{"loc":{"start":{"line":223,"column":4},"end":{"line":231,"column":5}},"type":"if","locations":[{"start":{"line":223,"column":4},"end":{"line":231,"column":5}},{"start":{"line":225,"column":11},"end":{"line":231,"column":5}}],"line":223},"38":{"loc":{"start":{"line":225,"column":11},"end":{"line":231,"column":5}},"type":"if","locations":[{"start":{"line":225,"column":11},"end":{"line":231,"column":5}},{"start":{"line":227,"column":11},"end":{"line":231,"column":5}}],"line":225},"39":{"loc":{"start":{"line":227,"column":11},"end":{"line":231,"column":5}},"type":"if","locations":[{"start":{"line":227,"column":11},"end":{"line":231,"column":5}},{"start":{"line":229,"column":11},"end":{"line":231,"column":5}}],"line":227},"40":{"loc":{"start":{"line":234,"column":2},"end":{"line":244,"column":3}},"type":"if","locations":[{"start":{"line":234,"column":2},"end":{"line":244,"column":3}},{"start":{},"end":{}}],"line":234},"41":{"loc":{"start":{"line":236,"column":4},"end":{"line":243,"column":5}},"type":"if","locations":[{"start":{"line":236,"column":4},"end":{"line":243,"column":5}},{"start":{"line":241,"column":11},"end":{"line":243,"column":5}}],"line":236},"42":{"loc":{"start":{"line":236,"column":8},"end":{"line":239,"column":6}},"type":"binary-expr","locations":[{"start":{"line":236,"column":8},"end":{"line":236,"column":16}},{"start":{"line":236,"column":20},"end":{"line":239,"column":6}}],"line":236},"43":{"loc":{"start":{"line":242,"column":28},"end":{"line":242,"column":44}},"type":"binary-expr","locations":[{"start":{"line":242,"column":28},"end":{"line":242,"column":36}},{"start":{"line":242,"column":40},"end":{"line":242,"column":44}}],"line":242},"44":{"loc":{"start":{"line":246,"column":2},"end":{"line":257,"column":3}},"type":"if","locations":[{"start":{"line":246,"column":2},"end":{"line":257,"column":3}},{"start":{},"end":{}}],"line":246},"45":{"loc":{"start":{"line":249,"column":4},"end":{"line":256,"column":5}},"type":"if","locations":[{"start":{"line":249,"column":4},"end":{"line":256,"column":5}},{"start":{"line":254,"column":11},"end":{"line":256,"column":5}}],"line":249},"46":{"loc":{"start":{"line":260,"column":2},"end":{"line":265,"column":3}},"type":"if","locations":[{"start":{"line":260,"column":2},"end":{"line":265,"column":3}},{"start":{},"end":{}}],"line":260},"47":{"loc":{"start":{"line":268,"column":2},"end":{"line":274,"column":3}},"type":"if","locations":[{"start":{"line":268,"column":2},"end":{"line":274,"column":3}},{"start":{},"end":{}}],"line":268}},"s":{"0":1,"1":1,"2":0,"3":0,"4":0,"5":0,"6":0,"7":0,"8":0,"9":0,"10":0,"11":0,"12":0,"13":0,"14":1,"15":0,"16":0,"17":0,"18":0,"19":0,"20":0,"21":0,"22":0,"23":0,"24":0,"25":0,"26":0,"27":0,"28":0,"29":0,"30":0,"31":0,"32":0,"33":0,"34":0,"35":0,"36":0,"37":0,"38":0,"39":0,"40":0,"41":0,"42":0,"43":0,"44":0,"45":0,"46":0,"47":0,"48":0,"49":0,"50":0,"51":0,"52":0,"53":0,"54":0,"55":0,"56":0,"57":0,"58":0,"59":0,"60":0,"61":0,"62":0,"63":0,"64":0,"65":0,"66":0,"67":0,"68":0,"69":0,"70":0,"71":0,"72":0,"73":0,"74":0,"75":0,"76":0,"77":0,"78":0,"79":0,"80":0,"81":0,"82":0,"83":0,"84":0,"85":0,"86":1},"f":{"0":0,"1":0,"2":0,"3":0,"4":0,"5":0,"6":0,"7":0},"b":{"0":[0,0],"1":[0,0],"2":[0,0],"3":[0,0],"4":[0,0],"5":[0,0],"6":[0,0],"7":[0,0],"8":[0,0],"9":[0,0],"10":[0,0],"11":[0,0],"12":[0,0],"13":[0,0],"14":[0,0],"15":[0,0],"16":[0,0],"17":[0,0]
[...]
{"start":{"line":12,"column":2},"end":{"line":32,"column":3}},"10":{"start":{"line":13,"column":25},"end":{"line":13,"column":33}},"11":{"start":{"line":14,"column":30},"end":{"line":19,"column":45}},"12":{"start":{"line":21,"column":4},"end":{"line":26,"column":7}},"13":{"start":{"line":28,"column":4},"end":{"line":31,"column":7}},"14":{"start":{"line":35,"column":0},"end":{"line":67,"column":3}},"15":{"start":{"line":36,"column":2},"end":{"line":66,"column":3}},"16":{"start":{"line":37,"column":25},"end":{"line":37,"column":33}},"17":{"start":{"line":39,"column":32},"end":{"line":47,"column":43}},"18":{"start":{"line":49,"column":17},"end":{"line":54,"column":6}},"19":{"start":{"line":50,"column":6},"end":{"line":52,"column":7}},"20":{"start":{"line":51,"column":8},"end":{"line":51,"column":28}},"21":{"start":{"line":53,"column":6},"end":{"line":53,"column":28}},"22":{"start":{"line":55,"column":4},"end":{"line":60,"column":7}},"23":{"start":{"line":62,"column":4},"end":{"line":65,"column":7}},"24":{"start":{"line":69,"column":0},"end":{"line":113,"column":3}},"25":{"start":{"line":70,"column":2},"end":{"line":112,"column":3}},"26":{"start":{"line":72,"column":23},"end":{"line":72,"column":52}},"27":{"start":{"line":73,"column":16},"end":{"line":73,"column":47}},"28":{"start":{"line":75,"column":4},"end":{"line":75,"column":36}},"29":{"start":{"line":77,"column":22},"end":{"line":77,"column":46}},"30":{"start":{"line":83,"column":25},"end":{"line":83,"column":33}},"31":{"start":{"line":85,"column":27},"end":{"line":89,"column":36}},"32":{"start":{"line":92,"column":4},"end":{"line":92,"column":56}},"33":{"start":{"line":93,"column":30},"end":{"line":93,"column":39}},"34":{"start":{"line":94,"column":4},"end":{"line":97,"column":7}},"35":{"start":{"line":95,"column":6},"end":{"line":95,"column":59}},"36":{"start":{"line":96,"column":6},"end":{"line":96,"column":57}},"37":{"start":{"line":99,"column":4},"end":{"line":99,"column":108}},"38":{"start":{"line":100,"column":18},"end":{"line":108,"column":19}},"39":{"start":{"line":109,"column":4},"end":{"line":109,"column":151}},"40":{"start":{"line":109,"column":42},"end":{"line":109,"column":80}},"41":{"start":{"line":111,"column":4},"end":{"line":111,"column":69}},"42":{"start":{"line":115,"column":0},"end":{"line":115,"column":28}}},"fnMap":{"0":{"name":"(anonymous_0)","decl":{"start":{"line":11,"column":52},"end":{"line":11,"column":53}},"loc":{"start":{"line":11,"column":72},"end":{"line":33,"column":1}},"line":11},"1":{"name":"(anonymous_1)","decl":{"start":{"line":35,"column":46},"end":{"line":35,"column":47}},"loc":{"start":{"line":35,"column":66},"end":{"line":67,"column":1}},"line":35},"2":{"name":"(anonymous_2)","decl":{"start":{"line":49,"column":41},"end":{"line":49,"column":42}},"loc":{"start":{"line":49,"column":50},"end":{"line":54,"column":5}},"line":49},"3":{"name":"(anonymous_3)","decl":{"start":{"line":69,"column":34},"end":{"line":69,"column":35}},"loc":{"start":{"line":69,"column":60},"end":{"line":113,"column":1}},"line":69},"4":{"name":"(anonymous_4)","decl":{"start":{"line":94,"column":27},"end":{"line":94,"column":28}},"loc":{"start":{"line":94,"column":40},"end":{"line":97,"column":5}},"line":94},"5":{"name":"(anonymous_5)","decl":{"start":{"line":109,"column":32},"end":{"line":109,"column":33}},"loc":{"start":{"line":109,"column":42},"end":{"line":109,"column":80}},"line":109}},"branchMap":{"0":{"loc":{"start":{"line":50,"column":6},"end":{"line":52,"column":7}},"type":"if","locations":[{"start":{"line":50,"column":6},"end":{"line":52,"column":7}},{"start":{},"end":{}}],"line":50},"1":{"loc":{"start":{"line":72,"column":23},"end":{"line":72,"column":52}},"type":"binary-expr","locations":[{"start":{"line":72,"column":23},"end":{"line":72,"column":47}},{"start":{"line":72,"column":51},"end":{"line":72,"column":52}}],"line":72},"2":{"loc":{"start":{"line":73,"column":16},"end":{"line":73,"column":47}},"type":"binary-expr","locations":[{"start":{"line":73,"column":16},"end":{"line":73,"column":41}},{"start":{"line":73,"column":45},"end":{"line":73,"column":47}}],"line":73},"3":{"loc":{"start":{"line":75,"column":12},"end":{"line":75,"column":35}},"type":"cond-expr","locations":[{"start":{"line":75,"column":25},"end":{"line":75,"column":27}},{"start":{"line":75,"column":30},"end":{"line":75,"column":35}}],"line":75}},"s":{"0":1,"1":1,"2":1,"3":1,"4":1,"5":1,"6":1,"7":1,"8":1,"9":0,"10":0,"11":0,"12":0,"13":0,"14":1,"15":0,"16":0,"17":0,"18":0,"19":0,"20":0,"21":0,"22":0,"23":0,"24":1,"25":0,"26":0,"27":0,"28":0,"29":0,"30":0,"31":0,"32":0,"33":0,"34":0,"35":0,"36":0,"37":0,"38":0,"39":0,"40":0,"41":0,"42":1},"f":{"0":0,"1":0,"2":0,"3":0,"4":0,"5":0},"b":{"0":[0,0],"1":[0,0],"2":[0,0],"3":[0,0]},"_coverageSchema":"1a1c01bbd47fc00a2c39e90264f33305004495a9","hash":"620e38e01d77bc6adceacad35ca5a4f5e83571cc"}
,"E:\\Dev-LNT-BE\\namastey-node\\src\\utils\\cronjob.js": {"path":"E:\\Dev-LNT-BE\\namastey-node\\src\\utils\\cronjob.js","statementMap":{"0":{"start":{"line":1,"column":13},"end":{"line":1,"column":33}},"1":{"start":{"line":2,"column":18},"end":{"line":2,"column":37}},"2":{"start":{"line":3,"column":31},"end":{"line":3,"column":68}},"3":{"start":{"line":4,"column":33},"end":{"line":4,"column":52}},"4":{"start":{"line":5,"column":16},"end":{"line":5,"column":38}},"5":{"start":{"line":16,"column":0},"end":{"line":55,"column":3}},"6":{"start":{"line":17,"column":2},"end":{"line":17,"column":68}},"7":{"start":{"line":21,"column":20},"end":{"line":21,"column":41}},"8":{"start":{"line":24,"column":24},"end":{"line":24,"column":45}},"9":{"start":{"line":25,"column":22},"end":{"line":25,"column":41}},"10":{"start":{"line":27,"column":2},"end":{"line":54,"column":3}},"11":{"start":{"line":28,"column":29},"end":{"line":34,"column":38}},"12":{"start":{"line":40,"column":25},"end":{"line":42,"column":5}},"13":{"start":{"line":41,"column":48},"end":{"line":41,"column":66}},"14":{"start":{"line":44,"column":4},"end":{"line":49,"column":5}},"15":{"start":{"line":45,"column":24},"end":{"line":45,"column":72}},"16":{"start":{"line":46,"column":24},"end":{"line":46,"column":118}},"17":{"start":{"line":48,"column":8},"end":{"line":48,"column":46}},"18":{"start":{"line":51,"column":0},"end":{"line":51,"column":41}},"19":{"start":{"line":53,"column":4},"end":{"line":53,"column":38}},"20":{"start":{"line":57,"column":0},"end":{"line":57,"column":26}}},"fnMap":{"0":{"name":"(anonymous_0)","decl":{"start":{"line":16,"column":28},"end":{"line":16,"column":29}},"loc":{"start":{"line":16,"column":40},"end":{"line":55,"column":1}},"line":16},"1":{"name":"(anonymous_1)","decl":{"start":{"line":41,"column":39},"end":{"line":41,"column":40}},"loc":{"start":{"line":41,"column":48},"end":{"line":41,"column":66}},"line":41}},"branchMap":{},"s":{"0":0,"1":0,"2":0,"3":0,"4":0,"5":0,"6":0,"7":0,"8":0,"9":0,"10":0,"11":0,"12":0,"13":0,"14":0,"15":0,"16":0,"17":0,"18":0,"19":0,"20":0},"f":{"0":0,"1":0},"b":{}}
,"E:\\Dev-LNT-BE\\namastey-node\\src\\utils\\helpers.js": {"path":"E:\\Dev-LNT-BE\\namastey-node\\src\\utils\\helpers.js","statementMap":{"0":{"start":{"line":2,"column":29},"end":{"line":4,"column":1}},"1":{"start":{"line":3,"column":2},"end":{"line":3,"column":61}},"2":{"start":{"line":7,"column":19},"end":{"line":13,"column":1}},"3":{"start":{"line":8,"column":2},"end":{"line":12,"column":5}},"4":{"start":{"line":16,"column":21},"end":{"line":19,"column":1}},"5":{"start":{"line":17,"column":36},"end":{"line":17,"column":51}},"6":{"start":{"line":18,"column":2},"end":{"line":18,"column":18}},"7":{"start":{"line":21,"column":0},"end":{"line":25,"column":2}}},"fnMap":{"0":{"name":"(anonymous_0)","decl":{"start":{"line":2,"column":29},"end":{"line":2,"column":30}},"loc":{"start":{"line":2,"column":46},"end":{"line":4,"column":1}},"line":2},"1":{"name":"(anonymous_1)","decl":{"start":{"line":7,"column":19},"end":{"line":7,"column":20}},"loc":{"start":{"line":7,"column":29},"end":{"line":13,"column":1}},"line":7},"2":{"name":"(anonymous_2)","decl":{"start":{"line":16,"column":21},"end":{"line":16,"column":22}},"loc":{"start":{"line":16,"column":31},"end":{"line":19,"column":1}},"line":16}},"branchMap":{"0":{"loc":{"start":{"line":2,"column":30},"end":{"line":2,"column":41}},"type":"default-arg","locations":[{"start":{"line":2,"column":39},"end":{"line":2,"column":41}}],"line":2}},"s":{"0":0,"1":0,"2":0,"3":0,"4":0,"5":0,"6":0,"7":0},"f":{"0":0,"1":0,"2":0},"b":{"0":[0]}}
,"E:\\Dev-LNT-BE\\namastey-node\\src\\utils\\razorPay.js": {"path":"E:\\Dev-LNT-BE\\namastey-node\\src\\utils\\razorPay.js","statementMap":{"0":{"start":{"line":1,"column":17},"end":{"line":1,"column":36}},"1":{"start":{"line":3,"column":20},"end":{"line":3,"column":24}},"2":{"start":{"line":5,"column":25},"end":{"line":13,"column":1}},"3":{"start":{"line":6,"column":2},"end":{"line":11,"column":3}},"4":{"start":{"line":7,"column":4},"end":{"line":10,"column":7}},"5":{"start":{"line":12,"column":2},"end":{"line":12,"column":23}},"6":{"start":{"line":15,"column":0},"end":{"line":17,"column":2}}},"fnMap":{"0":{"name":"(anonymous_0)","decl":{"start":{"line":5,"column":25},"end":{"line":5,"column":26}},"loc":{"start":{"line":5,"column":31},"end":{"line":13,"column":1}},"line":5}},"branchMap":{"0":{"loc":{"start":{"line":6,"column":2},"end":{"line":11,"column":3}},"type":"if","locations":[{"start":{"line":6,"column":2},"end":{"line":11,"column":3}},{"start":{},"end":{}}],"line":6}},"s":{"0":1,"1":1,"2":1,"3":0,"4":0,"5":0,"6":1},"f":{"0":0},"b":{"0":[0,0]},"_coverageSchema":"1a1c01bbd47fc00a2c39e90264f33305004495a9","hash":"353fd3fbb574cd99ac310882d7e64041a13030b0"}
,"E:\\Dev-LNT-BE\\namastey-node\\src\\utils\\sendEmail.js": {"path":"E:\\Dev-LNT-BE\\namastey-node\\src\\utils\\sendEmail.js","statementMap":{"0":{"start":{"line":17,"column":29},"end":{"line":17,"column":59}},"1":{"start":{"line":18,"column":22},"end":{"line":18,"column":49}},"2":{"start":{"line":20,"column":31},"end":{"line":55,"column":1}},"3":{"start":{"line":21,"column":2},"end":{"line":54,"column":5}},"4":{"start":{"line":57,"column":12},"end":{"line":74,"column":1}},"5":{"start":{"line":58,"column":27},"end":{"line":62,"column":3}},"6":{"start":{"line":64,"column":2},"end":{"line":73,"column":3}},"7":{"start":{"line":65,"column":4},"end":{"line":65,"column":50}},"8":{"start":{"line":67,"column":4},"end":{"line":71,"column":5}},"9":{"start":{"line":69,"column":35},"end":{"line":69,"column":41}},"10":{"start":{"line":70,"column":6},"end":{"line":70,"column":34}},"11":{"start":{"line":72,"column":4},"end":{"line":72,"column":17}},"12":{"start":{"line":77,"column":0},"end":{"line":77,"column":24}}},"fnMap":{"0":{"name":"(anonymous_0)","decl":{"start":{"line":20,"column":31},"end":{"line":20,"column":32}},"loc":{"start":{"line":20,"column":75},"end":{"line":55,"column":1}},"line":20},"1":{"name":"(anonymous_1)","decl":{"start":{"line":57,"column":12},"end":{"line":57,"column":13}},"loc":{"start":{"line":57,"column":39},"end":{"line":74,"column":1}},"line":57}},"branchMap":{"0":{"loc":{"start":{"line":67,"column":4},"end":{"line":71,"column":5}},"type":"if","locations":[{"start":{"line":67,"column":4},"end":{"line":71,"column":5}},{"start":{},"end":{}}],"line":67},"1":{"loc":{"start":{"line":67,"column":8},"end":{"line":67,"column":68}},"type":"binary-expr","locations":[{"start":{"line":67,"column":8},"end":{"line":67,"column":31}},{"start":{"line":67,"column":35},"end":{"line":67,"column":68}}],"line":67}},"s":{"0":1,"1":1,"2":1,"3":0,"4":1,"5":0,"6":0,"7":0,"8":0,"9":0,"10":0,"11":0,"12":1},"f":{"0":0,"1":0},"b":{"0":[0,0],"1":[0,0]},"_coverageSchema":"1a1c01bbd47fc00a2c39e90264f33305004495a9","hash":"3aa8291f27896af6d8c0b785af6d67b27b9dd3ce"}
,"E:\\Dev-LNT-BE\\namastey-node\\src\\utils\\socket.js": {"path":"E:\\Dev-LNT-BE\\namastey-node\\src\\utils\\socket.js","statementMap":{"0":{"start":{"line":1,"column":15},"end":{"line":1,"column":35}},"1":{"start":{"line":2,"column":13},"end":{"line":2,"column":37}},"2":{"start":{"line":3,"column":25},"end":{"line":71,"column":1}},"3":{"start":{"line":4,"column":13},"end":{"line":8,"column":4}},"4":{"start":{"line":10,"column":2},"end":{"line":70,"column":5}},"5":{"start":{"line":13,"column":4},"end":{"line":22,"column":7}},"6":{"start":{"line":14,"column":19},"end":{"line":14,"column":66}},"7":{"start":{"line":15,"column":25},"end":{"line":15,"column":59}},"8":{"start":{"line":17,"column":6},"end":{"line":17,"column":61}},"9":{"start":{"line":18,"column":6},"end":{"line":18,"column":24}},"10":{"start":{"line":19,"column":6},"end":{"line":21,"column":9}},"11":{"start":{"line":24,"column":4},"end":{"line":65,"column":6}},"12":{"start":{"line":27,"column":21},"end":{"line":27,"column":68}},"13":{"start":{"line":29,"column":8},"end":{"line":63,"column":9}},"14":{"start":{"line":30,"column":10},"end":{"line":30,"column":62}},"15":{"start":{"line":32,"column":21},"end":{"line":34,"column":12}},"16":{"start":{"line":36,"column":10},"end":{"line":41,"column":11}},"17":{"start":{"line":37,"column":12},"end":{"line":40,"column":15}},"18":{"start":{"line":44,"column":10},"end":{"line":47,"column":13}},"19":{"start":{"line":48,"column":10},"end":{"line":48,"column":28}},"20":{"start":{"line":51,"column":10},"end":{"line":60,"column":13}},"21":{"start":{"line":62,"column":10},"end":{"line":62,"column":38}},"22":{"start":{"line":67,"column":4},"end":{"line":69,"column":7}},"23":{"start":{"line":68,"column":6},"end":{"line":68,"column":39}},"24":{"start":{"line":72,"column":0},"end":{"line":72,"column":38}}},"fnMap":{"0":{"name":"(anonymous_0)","decl":{"start":{"line":3,"column":25},"end":{"line":3,"column":26}},"loc":{"start":{"line":3,"column":37},"end":{"line":71,"column":1}},"line":3},"1":{"name":"(anonymous_1)","decl":{"start":{"line":10,"column":22},"end":{"line":10,"column":23}},"loc":{"start":{"line":10,"column":34},"end":{"line":70,"column":3}},"line":10},"2":{"name":"(anonymous_2)","decl":{"start":{"line":13,"column":27},"end":{"line":13,"column":28}},"loc":{"start":{"line":13,"column":75},"end":{"line":22,"column":5}},"line":13},"3":{"name":"(anonymous_3)","decl":{"start":{"line":26,"column":6},"end":{"line":26,"column":7}},"loc":{"start":{"line":26,"column":71},"end":{"line":64,"column":7}},"line":26},"4":{"name":"(anonymous_4)","decl":{"start":{"line":67,"column":28},"end":{"line":67,"column":29}},"loc":{"start":{"line":67,"column":34},"end":{"line":69,"column":5}},"line":67}},"branchMap":{"0":{"loc":{"start":{"line":36,"column":10},"end":{"line":41,"column":11}},"type":"if","locations":[{"start":{"line":36,"column":10},"end":{"line":41,"column":11}},{"start":{},"end":{}}],"line":36}},"s":{"0":1,"1":1,"2":1,"3":1,"4":1,"5":0,"6":0,"7":0,"8":0,"9":0,"10":0,"11":0,"12":0,"13":0,"14":0,"15":0,"16":0,"17":0,"18":0,"19":0,"20":0,"21":0,"22":0,"23":0,"24":1},"f":{"0":1,"1":0,"2":0,"3":0,"4":0},"b":{"0":[0,0]},"_coverageSchema":"1a1c01bbd47fc00a2c39e90264f33305004495a9","hash":"cd29b9352976f732c86cf9559669a5012ce47147"}
,"E:\\Dev-LNT-BE\\namastey-node\\src\\utils\\validation.js": {"path":"E:\\Dev-LNT-BE\\namastey-node\\src\\utils\\validation.js","statementMap":{"0":{"start":{"line":1,"column":18},"end":{"line":1,"column":38}},"1":{"start":{"line":3,"column":27},"end":{"line":14,"column":1}},"2":{"start":{"line":4,"column":51},"end":{"line":4,"column":59}},"3":{"start":{"line":5,"column":2},"end":{"line":13,"column":3}},"4":{"start":{"line":6,"column":4},"end":{"line":6,"column":41}},"5":{"start":{"line":7,"column":9},"end":{"line":13,"column":3}},"6":{"start":{"line":8,"column":4},"end":{"line":8,"column":58}},"7":{"start":{"line":9,"column":9},"end":{"line":13,"column":3}},"8":{"start":{"line":10,"column":4},"end":{"line":10,"column":43}},"9":{"start":{"line":11,"column":9},"end":{"line":13,"column":3}},"10":{"start":{"line":12,"column":4},"end":{"line":12,"column":48}},"11":{"start":{"line":16,"column":32},"end":{"line":33,"column":1}},"12":{"start":{"line":17,"column":28},"end":{"line":26,"column":3}},"13":{"start":{"line":28,"column":24},"end":{"line":30,"column":3}},"14":{"start":{"line":29,"column":4},"end":{"line":29,"column":37}},"15":{"start":{"line":32,"column":2},"end":{"line":32,"column":23}},"16":{"start":{"line":34,"column":0},"end":{"line":37,"column":2}}},"fnMap":{"0":{"name":"(anonymous_0)","decl":{"start":{"line":3,"column":27},"end":{"line":3,"column":28}},"loc":{"start":{"line":3,"column":47},"end":{"line":14,"column":1}},"line":3},"1":{"name":"(anonymous_1)","decl":{"start":{"line":16,"column":32},"end":{"line":16,"column":33}},"loc":{"start":{"line":16,"column":41},"end":{"line":33,"column":1}},"line":16},"2":{"name":"(anonymous_2)","decl":{"start":{"line":28,"column":52},"end":{"line":28,"column":53}},"loc":{"start":{"line":29,"column":4},"end":{"line":29,"column":37}},"line":29}},"branchMap":{"0":{"loc":{"start":{"line":5,"column":2},"end":{"line":13,"column":3}},"type":"if","locations":[{"start":{"line":5,"column":2},"end":{"line":13,"column":3}},{"start":{"line":7,"column":9},"end":{"line":13,"column":3}}],"line":5},"1":{"loc":{"start":{"line":5,"column":6},"end":{"line":5,"column":29}},"type":"binary-expr","locations":[{"start":{"line":5,"column":6},"end":{"line":5,"column":16}},{"start":{"line":5,"column":20},"end":{"line":5,"column":29}}],"line":5},"2":{"loc":{"start":{"line":7,"column":9},"end":{"line":13,"column":3}},"type":"if","locations":[{"start":{"line":7,"column":9},"end":{"line":13,"column":3}},{"start":{"line":9,"column":9},"end":{"line":13,"column":3}}],"line":7},"3":{"loc":{"start":{"line":7,"column":13},"end":{"line":7,"column":58}},"type":"binary-expr","locations":[{"start":{"line":7,"column":13},"end":{"line":7,"column":33}},{"start":{"line":7,"column":37},"end":{"line":7,"column":58}}],"line":7},"4":{"loc":{"start":{"line":9,"column":9},"end":{"line":13,"column":3}},"type":"if","locations":[{"start":{"line":9,"column":9},"end":{"line":13,"column":3}},{"start":{"line":11,"column":9},"end":{"line":13,"column":3}}],"line":9},"5":{"loc":{"start":{"line":11,"column":9},"end":{"line":13,"column":3}},"type":"if","locations":[{"start":{"line":11,"column":9},"end":{"line":13,"column":3}},{"start":{},"end":{}}],"line":11}},"s":{"0":1,"1":1,"2":0,"3":0,"4":0,"5":0,"6":0,"7":0,"8":0,"9":0,"10":0,"11":1,"12":0,"13":0,"14":0,"15":0,"16":1},"f":{"0":0,"1":0,"2":0},"b":{"0":[0,0],"1":[0,0],"2":[0,0],"3":[0,0],"4":[0,0],"5":[0,0]},"_coverageSchema":"1a1c01bbd47fc00a2c39e90264f33305004495a9","hash":"c42a31b032ce95dc69e8aa8dac620a1b64f50b84"}
,"E:\\Dev-LNT-BE\\namastey-node\\src\\utils\\constants\\Orger.js": {"path":"E:\\Dev-LNT-BE\\namastey-node\\src\\utils\\constants\\Orger.js","statementMap":{"0":{"start":{"line":1,"column":22},"end":{"line":5,"column":1}},"1":{"start":{"line":7,"column":14},"end":{"line":48,"column":1}},"2":{"start":{"line":50,"column":0},"end":{"line":52,"column":2}}},"fnMap":{},"branchMap":{},"s":{"0":1,"1":1,"2":1},"f":{},"b":{},"_coverageSchema":"1a1c01bbd47fc00a2c39e90264f33305004495a9","hash":"d9d088a37d8ffe423d55bdb1bedd3ef2cd78819c"}
,"E:\\Dev-LNT-BE\\namastey-node\\src\\utils\\constants\\Errors\\index.js": {"path":"E:\\Dev-LNT-BE\\namastey-node\\src\\utils\\constants\\Errors\\index.js","statementMap":{"0":{"start":{"line":1,"column":15},"end":{"line":8,"column":1}},"1":{"start":{"line":11,"column":0},"end":{"line":13,"column":1}}},"fnMap":{},"branchMap":{},"s":{"0":1,"1":1},"f":{},"b":{},"_coverageSchema":"1a1c01bbd47fc00a2c39e90264f33305004495a9","hash":"1d204ba274cc3458e8c127e23b30929fc0a8c7fe"}
,"E:\\Dev-LNT-BE\\namastey-node\\src\\utils\\constants\\Success\\index.js": {"path":"E:\\Dev-LNT-BE\\namastey-node\\src\\utils\\constants\\Success\\index.js","statementMap":{"0":{"start":{"line":1,"column":16},"end":{"line":3,"column":1}},"1":{"start":{"line":6,"column":0},"end":{"line":8,"column":1}}},"fnMap":{},"branchMap":{},"s":{"0":1,"1":1},"f":{},"b":{},"_coverageSchema":"1a1c01bbd47fc00a2c39e90264f33305004495a9","hash":"96241542b34aeae8dc6e47df8523b7b2c9c7388a"}
}
